[2025-05-16T14:47:47.359+0000] {taskinstance.py:1157} INFO - Dependencies all met for dep_context=non-requeueable deps ti=<TaskInstance: cdc_pipeline.wait_for_hdfs_data scheduled__2025-05-16T14:37:28.355202+00:00 [queued]>
[2025-05-16T14:47:47.366+0000] {taskinstance.py:1157} INFO - Dependencies all met for dep_context=requeueable deps ti=<TaskInstance: cdc_pipeline.wait_for_hdfs_data scheduled__2025-05-16T14:37:28.355202+00:00 [queued]>
[2025-05-16T14:47:47.366+0000] {taskinstance.py:1359} INFO - Starting attempt 1 of 4
[2025-05-16T14:47:47.418+0000] {taskinstance.py:1380} INFO - Executing <Task(HdfsSensor): wait_for_hdfs_data> on 2025-05-16 14:37:28.355202+00:00
[2025-05-16T14:47:47.423+0000] {standard_task_runner.py:57} INFO - Started process 3488 to run task
[2025-05-16T14:47:47.426+0000] {standard_task_runner.py:84} INFO - Running: ['***', 'tasks', 'run', 'cdc_pipeline', 'wait_for_hdfs_data', 'scheduled__2025-05-16T14:37:28.355202+00:00', '--job-id', '123', '--raw', '--subdir', 'DAGS_FOLDER/cdc_pipeline_dag.py', '--cfg-path', '/tmp/tmpim8v7hkf']
[2025-05-16T14:47:47.428+0000] {standard_task_runner.py:85} INFO - Job 123: Subtask wait_for_hdfs_data
[2025-05-16T14:47:47.466+0000] {task_command.py:415} INFO - Running <TaskInstance: cdc_pipeline.wait_for_hdfs_data scheduled__2025-05-16T14:37:28.355202+00:00 [running]> on host 2325534d36fc
[2025-05-16T14:47:47.559+0000] {taskinstance.py:1660} INFO - Exporting env vars: AIRFLOW_CTX_DAG_OWNER='***' AIRFLOW_CTX_DAG_ID='cdc_pipeline' AIRFLOW_CTX_TASK_ID='wait_for_hdfs_data' AIRFLOW_CTX_EXECUTION_DATE='2025-05-16T14:37:28.355202+00:00' AIRFLOW_CTX_TRY_NUMBER='1' AIRFLOW_CTX_DAG_RUN_ID='scheduled__2025-05-16T14:37:28.355202+00:00'
[2025-05-16T14:47:47.561+0000] {logging_mixin.py:151} WARNING - /home/***/.local/lib/python3.8/site-packages/***/providers/apache/hdfs/hooks/hdfs.py:78 RemovedInAirflow3Warning: `BaseHook.get_connections` method will be deprecated in the future.Please use `BaseHook.get_connection` instead.
[2025-05-16T14:47:47.569+0000] {base.py:73} INFO - Using connection ID 'hdfs_default' for task execution.
[2025-05-16T14:47:47.570+0000] {hdfs.py:106} INFO - Poking for file /data/cdc/output.json
[2025-05-16T14:47:47.574+0000] {logging_mixin.py:151} WARNING - /home/***/.local/lib/python3.8/site-packages/snakebite/channel.py:414 RuntimeWarning: Unexpected end-group tag: Not all data was converted
[2025-05-16T14:47:49.583+0000] {base.py:73} INFO - Using connection ID 'hdfs_default' for task execution.
[2025-05-16T14:47:49.584+0000] {hdfs.py:106} INFO - Poking for file /data/cdc/output.json
[2025-05-16T14:47:51.598+0000] {base.py:73} INFO - Using connection ID 'hdfs_default' for task execution.
[2025-05-16T14:47:51.600+0000] {hdfs.py:106} INFO - Poking for file /data/cdc/output.json
[2025-05-16T14:47:53.612+0000] {base.py:73} INFO - Using connection ID 'hdfs_default' for task execution.
[2025-05-16T14:47:53.613+0000] {hdfs.py:106} INFO - Poking for file /data/cdc/output.json
[2025-05-16T14:47:55.628+0000] {base.py:73} INFO - Using connection ID 'hdfs_default' for task execution.
[2025-05-16T14:47:55.630+0000] {hdfs.py:106} INFO - Poking for file /data/cdc/output.json
[2025-05-16T14:47:57.647+0000] {base.py:73} INFO - Using connection ID 'hdfs_default' for task execution.
[2025-05-16T14:47:57.648+0000] {hdfs.py:106} INFO - Poking for file /data/cdc/output.json
[2025-05-16T14:47:59.663+0000] {base.py:73} INFO - Using connection ID 'hdfs_default' for task execution.
[2025-05-16T14:47:59.663+0000] {hdfs.py:106} INFO - Poking for file /data/cdc/output.json
[2025-05-16T14:48:01.674+0000] {base.py:73} INFO - Using connection ID 'hdfs_default' for task execution.
[2025-05-16T14:48:01.675+0000] {hdfs.py:106} INFO - Poking for file /data/cdc/output.json
[2025-05-16T14:48:03.693+0000] {base.py:73} INFO - Using connection ID 'hdfs_default' for task execution.
[2025-05-16T14:48:03.694+0000] {hdfs.py:106} INFO - Poking for file /data/cdc/output.json
[2025-05-16T14:48:05.711+0000] {base.py:73} INFO - Using connection ID 'hdfs_default' for task execution.
[2025-05-16T14:48:05.712+0000] {hdfs.py:106} INFO - Poking for file /data/cdc/output.json
[2025-05-16T14:48:07.726+0000] {base.py:73} INFO - Using connection ID 'hdfs_default' for task execution.
[2025-05-16T14:48:07.726+0000] {hdfs.py:106} INFO - Poking for file /data/cdc/output.json
[2025-05-16T14:48:09.750+0000] {base.py:73} INFO - Using connection ID 'hdfs_default' for task execution.
[2025-05-16T14:48:09.751+0000] {hdfs.py:106} INFO - Poking for file /data/cdc/output.json
[2025-05-16T14:48:11.829+0000] {base.py:73} INFO - Using connection ID 'hdfs_default' for task execution.
[2025-05-16T14:48:11.831+0000] {hdfs.py:106} INFO - Poking for file /data/cdc/output.json
[2025-05-16T14:48:13.863+0000] {base.py:73} INFO - Using connection ID 'hdfs_default' for task execution.
[2025-05-16T14:48:13.864+0000] {hdfs.py:106} INFO - Poking for file /data/cdc/output.json
[2025-05-16T14:48:15.887+0000] {base.py:73} INFO - Using connection ID 'hdfs_default' for task execution.
[2025-05-16T14:48:15.889+0000] {hdfs.py:106} INFO - Poking for file /data/cdc/output.json
[2025-05-16T14:48:17.912+0000] {base.py:73} INFO - Using connection ID 'hdfs_default' for task execution.
[2025-05-16T14:48:17.913+0000] {hdfs.py:106} INFO - Poking for file /data/cdc/output.json
[2025-05-16T14:48:19.925+0000] {base.py:73} INFO - Using connection ID 'hdfs_default' for task execution.
[2025-05-16T14:48:19.925+0000] {hdfs.py:106} INFO - Poking for file /data/cdc/output.json
[2025-05-16T14:48:21.940+0000] {base.py:73} INFO - Using connection ID 'hdfs_default' for task execution.
[2025-05-16T14:48:21.941+0000] {hdfs.py:106} INFO - Poking for file /data/cdc/output.json
[2025-05-16T14:48:23.954+0000] {base.py:73} INFO - Using connection ID 'hdfs_default' for task execution.
[2025-05-16T14:48:23.955+0000] {hdfs.py:106} INFO - Poking for file /data/cdc/output.json
[2025-05-16T14:48:26.016+0000] {base.py:73} INFO - Using connection ID 'hdfs_default' for task execution.
[2025-05-16T14:48:26.017+0000] {hdfs.py:106} INFO - Poking for file /data/cdc/output.json
[2025-05-16T14:48:28.046+0000] {base.py:73} INFO - Using connection ID 'hdfs_default' for task execution.
[2025-05-16T14:48:28.049+0000] {hdfs.py:106} INFO - Poking for file /data/cdc/output.json
[2025-05-16T14:48:30.069+0000] {base.py:73} INFO - Using connection ID 'hdfs_default' for task execution.
[2025-05-16T14:48:30.070+0000] {hdfs.py:106} INFO - Poking for file /data/cdc/output.json
[2025-05-16T14:48:32.081+0000] {base.py:73} INFO - Using connection ID 'hdfs_default' for task execution.
[2025-05-16T14:48:32.081+0000] {hdfs.py:106} INFO - Poking for file /data/cdc/output.json
[2025-05-16T14:48:34.093+0000] {base.py:73} INFO - Using connection ID 'hdfs_default' for task execution.
[2025-05-16T14:48:34.094+0000] {hdfs.py:106} INFO - Poking for file /data/cdc/output.json
[2025-05-16T14:48:36.105+0000] {base.py:73} INFO - Using connection ID 'hdfs_default' for task execution.
[2025-05-16T14:48:36.106+0000] {hdfs.py:106} INFO - Poking for file /data/cdc/output.json
[2025-05-16T14:48:38.124+0000] {base.py:73} INFO - Using connection ID 'hdfs_default' for task execution.
[2025-05-16T14:48:38.125+0000] {hdfs.py:106} INFO - Poking for file /data/cdc/output.json
[2025-05-16T14:48:40.160+0000] {base.py:73} INFO - Using connection ID 'hdfs_default' for task execution.
[2025-05-16T14:48:40.167+0000] {hdfs.py:106} INFO - Poking for file /data/cdc/output.json
[2025-05-16T14:48:42.230+0000] {base.py:73} INFO - Using connection ID 'hdfs_default' for task execution.
[2025-05-16T14:48:42.232+0000] {hdfs.py:106} INFO - Poking for file /data/cdc/output.json
[2025-05-16T14:48:44.252+0000] {base.py:73} INFO - Using connection ID 'hdfs_default' for task execution.
[2025-05-16T14:48:44.253+0000] {hdfs.py:106} INFO - Poking for file /data/cdc/output.json
[2025-05-16T14:48:46.264+0000] {base.py:73} INFO - Using connection ID 'hdfs_default' for task execution.
[2025-05-16T14:48:46.265+0000] {hdfs.py:106} INFO - Poking for file /data/cdc/output.json
[2025-05-16T14:48:48.278+0000] {base.py:73} INFO - Using connection ID 'hdfs_default' for task execution.
[2025-05-16T14:48:48.279+0000] {hdfs.py:106} INFO - Poking for file /data/cdc/output.json
[2025-05-16T14:48:48.282+0000] {taskinstance.py:1935} ERROR - Task failed with exception
Traceback (most recent call last):
  File "/home/airflow/.local/lib/python3.8/site-packages/airflow/sensors/base.py", line 274, in execute
    raise AirflowSensorTimeout(message)
airflow.exceptions.AirflowSensorTimeout: Sensor has timed out; run duration of 60.72238634700079 seconds exceeds the specified timeout of 60.0.
[2025-05-16T14:48:48.290+0000] {taskinstance.py:1398} INFO - Immediate failure requested. Marking task as FAILED. dag_id=cdc_pipeline, task_id=wait_for_hdfs_data, execution_date=20250516T143728, start_date=20250516T144747, end_date=20250516T144848
[2025-05-16T14:48:48.303+0000] {standard_task_runner.py:104} ERROR - Failed to execute job 123 for task wait_for_hdfs_data (Sensor has timed out; run duration of 60.72238634700079 seconds exceeds the specified timeout of 60.0.; 3488)
[2025-05-16T14:48:48.341+0000] {local_task_job_runner.py:228} INFO - Task exited with return code 1
[2025-05-16T14:48:48.362+0000] {taskinstance.py:2776} INFO - 0 downstream tasks scheduled from follow-on schedule check
