[2025-05-16T14:20:42.324+0000] {taskinstance.py:1157} INFO - Dependencies all met for dep_context=non-requeueable deps ti=<TaskInstance: cdc_pipeline.check_consumer scheduled__2025-05-16T14:07:28.355202+00:00 [queued]>
[2025-05-16T14:20:42.331+0000] {taskinstance.py:1157} INFO - Dependencies all met for dep_context=requeueable deps ti=<TaskInstance: cdc_pipeline.check_consumer scheduled__2025-05-16T14:07:28.355202+00:00 [queued]>
[2025-05-16T14:20:42.331+0000] {taskinstance.py:1359} INFO - Starting attempt 4 of 4
[2025-05-16T14:20:42.341+0000] {taskinstance.py:1380} INFO - Executing <Task(BashOperator): check_consumer> on 2025-05-16 14:07:28.355202+00:00
[2025-05-16T14:20:42.347+0000] {standard_task_runner.py:57} INFO - Started process 2194 to run task
[2025-05-16T14:20:42.350+0000] {standard_task_runner.py:84} INFO - Running: ['***', 'tasks', 'run', 'cdc_pipeline', 'check_consumer', 'scheduled__2025-05-16T14:07:28.355202+00:00', '--job-id', '79', '--raw', '--subdir', 'DAGS_FOLDER/cdc_pipeline_dag.py', '--cfg-path', '/tmp/tmpbfnmtsgz']
[2025-05-16T14:20:42.352+0000] {standard_task_runner.py:85} INFO - Job 79: Subtask check_consumer
[2025-05-16T14:20:42.431+0000] {task_command.py:415} INFO - Running <TaskInstance: cdc_pipeline.check_consumer scheduled__2025-05-16T14:07:28.355202+00:00 [running]> on host 2325534d36fc
[2025-05-16T14:20:42.581+0000] {taskinstance.py:1660} INFO - Exporting env vars: AIRFLOW_CTX_DAG_OWNER='***' AIRFLOW_CTX_DAG_ID='cdc_pipeline' AIRFLOW_CTX_TASK_ID='check_consumer' AIRFLOW_CTX_EXECUTION_DATE='2025-05-16T14:07:28.355202+00:00' AIRFLOW_CTX_TRY_NUMBER='4' AIRFLOW_CTX_DAG_RUN_ID='scheduled__2025-05-16T14:07:28.355202+00:00'
[2025-05-16T14:20:42.616+0000] {subprocess.py:63} INFO - Tmp dir root location: /tmp
[2025-05-16T14:20:42.617+0000] {subprocess.py:75} INFO - Running command: ['/bin/bash', '-c', 'nc -z kafka-consumer 8083 || echo "Kafka consumer not running!" && exit 1']
[2025-05-16T14:20:42.625+0000] {subprocess.py:86} INFO - Output:
[2025-05-16T14:20:42.646+0000] {subprocess.py:93} INFO - nc: getaddrinfo for host "kafka-consumer" port 8083: Name or service not known
[2025-05-16T14:20:42.646+0000] {subprocess.py:93} INFO - Kafka consumer not running!
[2025-05-16T14:20:42.647+0000] {subprocess.py:97} INFO - Command exited with return code 1
[2025-05-16T14:20:42.655+0000] {taskinstance.py:1935} ERROR - Task failed with exception
Traceback (most recent call last):
  File "/home/airflow/.local/lib/python3.8/site-packages/airflow/operators/bash.py", line 210, in execute
    raise AirflowException(
airflow.exceptions.AirflowException: Bash command failed. The command returned a non-zero exit code 1.
[2025-05-16T14:20:42.658+0000] {taskinstance.py:1398} INFO - Marking task as FAILED. dag_id=cdc_pipeline, task_id=check_consumer, execution_date=20250516T140728, start_date=20250516T142042, end_date=20250516T142042
[2025-05-16T14:20:42.667+0000] {standard_task_runner.py:104} ERROR - Failed to execute job 79 for task check_consumer (Bash command failed. The command returned a non-zero exit code 1.; 2194)
[2025-05-16T14:20:42.696+0000] {local_task_job_runner.py:228} INFO - Task exited with return code 1
[2025-05-16T14:20:42.718+0000] {taskinstance.py:2776} INFO - 0 downstream tasks scheduled from follow-on schedule check
