[2025-05-16T15:17:32.361+0000] {taskinstance.py:1157} INFO - Dependencies all met for dep_context=non-requeueable deps ti=<TaskInstance: cdc_pipeline.check_kafka scheduled__2025-05-16T15:07:28.355202+00:00 [queued]>
[2025-05-16T15:17:32.482+0000] {taskinstance.py:1157} INFO - Dependencies all met for dep_context=requeueable deps ti=<TaskInstance: cdc_pipeline.check_kafka scheduled__2025-05-16T15:07:28.355202+00:00 [queued]>
[2025-05-16T15:17:32.484+0000] {taskinstance.py:1359} INFO - Starting attempt 1 of 4
[2025-05-16T15:17:32.723+0000] {taskinstance.py:1380} INFO - Executing <Task(BashOperator): check_kafka> on 2025-05-16 15:07:28.355202+00:00
[2025-05-16T15:17:32.770+0000] {standard_task_runner.py:57} INFO - Started process 4836 to run task
[2025-05-16T15:17:32.785+0000] {standard_task_runner.py:84} INFO - Running: ['***', 'tasks', 'run', 'cdc_pipeline', 'check_kafka', 'scheduled__2025-05-16T15:07:28.355202+00:00', '--job-id', '142', '--raw', '--subdir', 'DAGS_FOLDER/cdc_pipeline_dag.py', '--cfg-path', '/tmp/tmp4nnqu252']
[2025-05-16T15:17:32.820+0000] {standard_task_runner.py:85} INFO - Job 142: Subtask check_kafka
[2025-05-16T15:17:33.407+0000] {task_command.py:415} INFO - Running <TaskInstance: cdc_pipeline.check_kafka scheduled__2025-05-16T15:07:28.355202+00:00 [running]> on host 2325534d36fc
[2025-05-16T15:17:34.038+0000] {taskinstance.py:1660} INFO - Exporting env vars: AIRFLOW_CTX_DAG_OWNER='***' AIRFLOW_CTX_DAG_ID='cdc_pipeline' AIRFLOW_CTX_TASK_ID='check_kafka' AIRFLOW_CTX_EXECUTION_DATE='2025-05-16T15:07:28.355202+00:00' AIRFLOW_CTX_TRY_NUMBER='1' AIRFLOW_CTX_DAG_RUN_ID='scheduled__2025-05-16T15:07:28.355202+00:00'
[2025-05-16T15:17:34.040+0000] {subprocess.py:63} INFO - Tmp dir root location: /tmp
[2025-05-16T15:17:34.047+0000] {subprocess.py:75} INFO - Running command: ['/bin/bash', '-c', 'nc -z kafka 9092']
[2025-05-16T15:17:34.122+0000] {subprocess.py:86} INFO - Output:
[2025-05-16T15:17:34.158+0000] {subprocess.py:93} INFO - nc: getaddrinfo for host "kafka" port 9092: Name or service not known
[2025-05-16T15:17:34.158+0000] {subprocess.py:97} INFO - Command exited with return code 1
[2025-05-16T15:17:34.245+0000] {taskinstance.py:1935} ERROR - Task failed with exception
Traceback (most recent call last):
  File "/home/airflow/.local/lib/python3.8/site-packages/airflow/operators/bash.py", line 210, in execute
    raise AirflowException(
airflow.exceptions.AirflowException: Bash command failed. The command returned a non-zero exit code 1.
[2025-05-16T15:17:34.320+0000] {taskinstance.py:1398} INFO - Marking task as UP_FOR_RETRY. dag_id=cdc_pipeline, task_id=check_kafka, execution_date=20250516T150728, start_date=20250516T151732, end_date=20250516T151734
[2025-05-16T15:17:34.432+0000] {standard_task_runner.py:104} ERROR - Failed to execute job 142 for task check_kafka (Bash command failed. The command returned a non-zero exit code 1.; 4836)
[2025-05-16T15:17:34.457+0000] {local_task_job_runner.py:228} INFO - Task exited with return code 1
[2025-05-16T15:17:34.725+0000] {taskinstance.py:2776} INFO - 0 downstream tasks scheduled from follow-on schedule check
