[2025-05-16T14:41:00.831+0000] {taskinstance.py:1157} INFO - Dependencies all met for dep_context=non-requeueable deps ti=<TaskInstance: cdc_pipeline.wait_for_hdfs_data manual__2025-05-16T14:40:44.810615+00:00 [queued]>
[2025-05-16T14:41:00.840+0000] {taskinstance.py:1157} INFO - Dependencies all met for dep_context=requeueable deps ti=<TaskInstance: cdc_pipeline.wait_for_hdfs_data manual__2025-05-16T14:40:44.810615+00:00 [queued]>
[2025-05-16T14:41:00.840+0000] {taskinstance.py:1359} INFO - Starting attempt 1 of 4
[2025-05-16T14:41:00.918+0000] {taskinstance.py:1380} INFO - Executing <Task(HdfsSensor): wait_for_hdfs_data> on 2025-05-16 14:40:44.810615+00:00
[2025-05-16T14:41:00.923+0000] {standard_task_runner.py:57} INFO - Started process 3171 to run task
[2025-05-16T14:41:00.926+0000] {standard_task_runner.py:84} INFO - Running: ['***', 'tasks', 'run', 'cdc_pipeline', 'wait_for_hdfs_data', 'manual__2025-05-16T14:40:44.810615+00:00', '--job-id', '117', '--raw', '--subdir', 'DAGS_FOLDER/cdc_pipeline_dag.py', '--cfg-path', '/tmp/tmp94psf3yl']
[2025-05-16T14:41:00.928+0000] {standard_task_runner.py:85} INFO - Job 117: Subtask wait_for_hdfs_data
[2025-05-16T14:41:00.965+0000] {task_command.py:415} INFO - Running <TaskInstance: cdc_pipeline.wait_for_hdfs_data manual__2025-05-16T14:40:44.810615+00:00 [running]> on host 2325534d36fc
[2025-05-16T14:41:01.068+0000] {taskinstance.py:1660} INFO - Exporting env vars: AIRFLOW_CTX_DAG_OWNER='***' AIRFLOW_CTX_DAG_ID='cdc_pipeline' AIRFLOW_CTX_TASK_ID='wait_for_hdfs_data' AIRFLOW_CTX_EXECUTION_DATE='2025-05-16T14:40:44.810615+00:00' AIRFLOW_CTX_TRY_NUMBER='1' AIRFLOW_CTX_DAG_RUN_ID='manual__2025-05-16T14:40:44.810615+00:00'
[2025-05-16T14:41:01.071+0000] {logging_mixin.py:151} WARNING - /home/***/.local/lib/python3.8/site-packages/***/providers/apache/hdfs/hooks/hdfs.py:78 RemovedInAirflow3Warning: `BaseHook.get_connections` method will be deprecated in the future.Please use `BaseHook.get_connection` instead.
[2025-05-16T14:41:01.078+0000] {base.py:73} INFO - Using connection ID 'hdfs_default' for task execution.
[2025-05-16T14:41:01.079+0000] {hdfs.py:106} INFO - Poking for file /data/cdc/output.json
[2025-05-16T14:41:01.082+0000] {logging_mixin.py:151} WARNING - /home/***/.local/lib/python3.8/site-packages/snakebite/channel.py:414 RuntimeWarning: Unexpected end-group tag: Not all data was converted
[2025-05-16T14:41:03.092+0000] {base.py:73} INFO - Using connection ID 'hdfs_default' for task execution.
[2025-05-16T14:41:03.092+0000] {hdfs.py:106} INFO - Poking for file /data/cdc/output.json
[2025-05-16T14:41:05.126+0000] {base.py:73} INFO - Using connection ID 'hdfs_default' for task execution.
[2025-05-16T14:41:05.126+0000] {hdfs.py:106} INFO - Poking for file /data/cdc/output.json
[2025-05-16T14:41:07.169+0000] {base.py:73} INFO - Using connection ID 'hdfs_default' for task execution.
[2025-05-16T14:41:07.171+0000] {hdfs.py:106} INFO - Poking for file /data/cdc/output.json
[2025-05-16T14:41:09.225+0000] {base.py:73} INFO - Using connection ID 'hdfs_default' for task execution.
[2025-05-16T14:41:09.225+0000] {hdfs.py:106} INFO - Poking for file /data/cdc/output.json
[2025-05-16T14:41:11.236+0000] {base.py:73} INFO - Using connection ID 'hdfs_default' for task execution.
[2025-05-16T14:41:11.237+0000] {hdfs.py:106} INFO - Poking for file /data/cdc/output.json
[2025-05-16T14:41:13.248+0000] {base.py:73} INFO - Using connection ID 'hdfs_default' for task execution.
[2025-05-16T14:41:13.249+0000] {hdfs.py:106} INFO - Poking for file /data/cdc/output.json
[2025-05-16T14:41:15.260+0000] {base.py:73} INFO - Using connection ID 'hdfs_default' for task execution.
[2025-05-16T14:41:15.261+0000] {hdfs.py:106} INFO - Poking for file /data/cdc/output.json
[2025-05-16T14:41:17.272+0000] {base.py:73} INFO - Using connection ID 'hdfs_default' for task execution.
[2025-05-16T14:41:17.273+0000] {hdfs.py:106} INFO - Poking for file /data/cdc/output.json
[2025-05-16T14:41:19.324+0000] {base.py:73} INFO - Using connection ID 'hdfs_default' for task execution.
[2025-05-16T14:41:19.325+0000] {hdfs.py:106} INFO - Poking for file /data/cdc/output.json
[2025-05-16T14:41:21.337+0000] {base.py:73} INFO - Using connection ID 'hdfs_default' for task execution.
[2025-05-16T14:41:21.338+0000] {hdfs.py:106} INFO - Poking for file /data/cdc/output.json
[2025-05-16T14:41:23.374+0000] {base.py:73} INFO - Using connection ID 'hdfs_default' for task execution.
[2025-05-16T14:41:23.375+0000] {hdfs.py:106} INFO - Poking for file /data/cdc/output.json
[2025-05-16T14:41:25.391+0000] {base.py:73} INFO - Using connection ID 'hdfs_default' for task execution.
[2025-05-16T14:41:25.392+0000] {hdfs.py:106} INFO - Poking for file /data/cdc/output.json
[2025-05-16T14:41:27.417+0000] {base.py:73} INFO - Using connection ID 'hdfs_default' for task execution.
[2025-05-16T14:41:27.425+0000] {hdfs.py:106} INFO - Poking for file /data/cdc/output.json
[2025-05-16T14:41:29.441+0000] {base.py:73} INFO - Using connection ID 'hdfs_default' for task execution.
[2025-05-16T14:41:29.442+0000] {hdfs.py:106} INFO - Poking for file /data/cdc/output.json
[2025-05-16T14:41:31.454+0000] {base.py:73} INFO - Using connection ID 'hdfs_default' for task execution.
[2025-05-16T14:41:31.455+0000] {hdfs.py:106} INFO - Poking for file /data/cdc/output.json
[2025-05-16T14:41:33.523+0000] {base.py:73} INFO - Using connection ID 'hdfs_default' for task execution.
[2025-05-16T14:41:33.524+0000] {hdfs.py:106} INFO - Poking for file /data/cdc/output.json
[2025-05-16T14:41:35.545+0000] {base.py:73} INFO - Using connection ID 'hdfs_default' for task execution.
[2025-05-16T14:41:35.546+0000] {hdfs.py:106} INFO - Poking for file /data/cdc/output.json
[2025-05-16T14:41:37.559+0000] {base.py:73} INFO - Using connection ID 'hdfs_default' for task execution.
[2025-05-16T14:41:37.560+0000] {hdfs.py:106} INFO - Poking for file /data/cdc/output.json
[2025-05-16T14:41:39.572+0000] {base.py:73} INFO - Using connection ID 'hdfs_default' for task execution.
[2025-05-16T14:41:39.573+0000] {hdfs.py:106} INFO - Poking for file /data/cdc/output.json
[2025-05-16T14:41:41.586+0000] {base.py:73} INFO - Using connection ID 'hdfs_default' for task execution.
[2025-05-16T14:41:41.587+0000] {hdfs.py:106} INFO - Poking for file /data/cdc/output.json
[2025-05-16T14:41:43.603+0000] {base.py:73} INFO - Using connection ID 'hdfs_default' for task execution.
[2025-05-16T14:41:43.604+0000] {hdfs.py:106} INFO - Poking for file /data/cdc/output.json
[2025-05-16T14:41:45.615+0000] {base.py:73} INFO - Using connection ID 'hdfs_default' for task execution.
[2025-05-16T14:41:45.616+0000] {hdfs.py:106} INFO - Poking for file /data/cdc/output.json
[2025-05-16T14:41:47.634+0000] {base.py:73} INFO - Using connection ID 'hdfs_default' for task execution.
[2025-05-16T14:41:47.637+0000] {hdfs.py:106} INFO - Poking for file /data/cdc/output.json
[2025-05-16T14:41:49.685+0000] {base.py:73} INFO - Using connection ID 'hdfs_default' for task execution.
[2025-05-16T14:41:49.716+0000] {hdfs.py:106} INFO - Poking for file /data/cdc/output.json
[2025-05-16T14:41:51.744+0000] {base.py:73} INFO - Using connection ID 'hdfs_default' for task execution.
[2025-05-16T14:41:51.745+0000] {hdfs.py:106} INFO - Poking for file /data/cdc/output.json
[2025-05-16T14:41:53.756+0000] {base.py:73} INFO - Using connection ID 'hdfs_default' for task execution.
[2025-05-16T14:41:53.756+0000] {hdfs.py:106} INFO - Poking for file /data/cdc/output.json
[2025-05-16T14:41:55.769+0000] {base.py:73} INFO - Using connection ID 'hdfs_default' for task execution.
[2025-05-16T14:41:55.770+0000] {hdfs.py:106} INFO - Poking for file /data/cdc/output.json
[2025-05-16T14:41:57.787+0000] {base.py:73} INFO - Using connection ID 'hdfs_default' for task execution.
[2025-05-16T14:41:57.791+0000] {hdfs.py:106} INFO - Poking for file /data/cdc/output.json
[2025-05-16T14:41:59.806+0000] {base.py:73} INFO - Using connection ID 'hdfs_default' for task execution.
[2025-05-16T14:41:59.807+0000] {hdfs.py:106} INFO - Poking for file /data/cdc/output.json
[2025-05-16T14:42:01.852+0000] {base.py:73} INFO - Using connection ID 'hdfs_default' for task execution.
[2025-05-16T14:42:01.853+0000] {hdfs.py:106} INFO - Poking for file /data/cdc/output.json
[2025-05-16T14:42:01.875+0000] {taskinstance.py:1935} ERROR - Task failed with exception
Traceback (most recent call last):
  File "/home/airflow/.local/lib/python3.8/site-packages/airflow/sensors/base.py", line 274, in execute
    raise AirflowSensorTimeout(message)
airflow.exceptions.AirflowSensorTimeout: Sensor has timed out; run duration of 60.804879758001334 seconds exceeds the specified timeout of 60.0.
[2025-05-16T14:42:01.894+0000] {taskinstance.py:1398} INFO - Immediate failure requested. Marking task as FAILED. dag_id=cdc_pipeline, task_id=wait_for_hdfs_data, execution_date=20250516T144044, start_date=20250516T144100, end_date=20250516T144201
[2025-05-16T14:42:01.984+0000] {standard_task_runner.py:104} ERROR - Failed to execute job 117 for task wait_for_hdfs_data (Sensor has timed out; run duration of 60.804879758001334 seconds exceeds the specified timeout of 60.0.; 3171)
[2025-05-16T14:42:02.067+0000] {local_task_job_runner.py:228} INFO - Task exited with return code 1
[2025-05-16T14:42:02.266+0000] {taskinstance.py:2776} INFO - 0 downstream tasks scheduled from follow-on schedule check
