[2025-05-16T13:58:22.584+0000] {taskinstance.py:1157} INFO - Dependencies all met for dep_context=non-requeueable deps ti=<TaskInstance: cdc_pipeline.check_postgres scheduled__2025-05-16T13:47:28.355202+00:00 [queued]>
[2025-05-16T13:58:22.729+0000] {taskinstance.py:1157} INFO - Dependencies all met for dep_context=requeueable deps ti=<TaskInstance: cdc_pipeline.check_postgres scheduled__2025-05-16T13:47:28.355202+00:00 [queued]>
[2025-05-16T13:58:22.729+0000] {taskinstance.py:1359} INFO - Starting attempt 1 of 4
[2025-05-16T13:58:22.931+0000] {taskinstance.py:1380} INFO - Executing <Task(BashOperator): check_postgres> on 2025-05-16 13:47:28.355202+00:00
[2025-05-16T13:58:23.034+0000] {standard_task_runner.py:57} INFO - Started process 363 to run task
[2025-05-16T13:58:23.125+0000] {standard_task_runner.py:84} INFO - Running: ['***', 'tasks', 'run', 'cdc_pipeline', 'check_postgres', 'scheduled__2025-05-16T13:47:28.355202+00:00', '--job-id', '8', '--raw', '--subdir', 'DAGS_FOLDER/cdc_pipeline_dag.py', '--cfg-path', '/tmp/tmpf6l2hmql']
[2025-05-16T13:58:23.149+0000] {standard_task_runner.py:85} INFO - Job 8: Subtask check_postgres
[2025-05-16T13:58:24.344+0000] {task_command.py:415} INFO - Running <TaskInstance: cdc_pipeline.check_postgres scheduled__2025-05-16T13:47:28.355202+00:00 [running]> on host 2325534d36fc
[2025-05-16T13:58:26.133+0000] {taskinstance.py:1660} INFO - Exporting env vars: AIRFLOW_CTX_DAG_OWNER='***' AIRFLOW_CTX_DAG_ID='cdc_pipeline' AIRFLOW_CTX_TASK_ID='check_postgres' AIRFLOW_CTX_EXECUTION_DATE='2025-05-16T13:47:28.355202+00:00' AIRFLOW_CTX_TRY_NUMBER='1' AIRFLOW_CTX_DAG_RUN_ID='scheduled__2025-05-16T13:47:28.355202+00:00'
[2025-05-16T13:58:26.242+0000] {subprocess.py:63} INFO - Tmp dir root location: /tmp
[2025-05-16T13:58:26.253+0000] {subprocess.py:75} INFO - Running command: ['/bin/bash', '-c', 'docker exec postgres pg_isready -U postgres || exit 1']
[2025-05-16T13:58:26.415+0000] {subprocess.py:86} INFO - Output:
[2025-05-16T13:58:40.325+0000] {subprocess.py:93} INFO - Cannot connect to the Docker daemon at unix:///var/run/docker.sock. Is the docker daemon running?
[2025-05-16T13:58:40.417+0000] {subprocess.py:97} INFO - Command exited with return code 1
[2025-05-16T13:58:40.744+0000] {taskinstance.py:1935} ERROR - Task failed with exception
Traceback (most recent call last):
  File "/home/airflow/.local/lib/python3.8/site-packages/airflow/operators/bash.py", line 210, in execute
    raise AirflowException(
airflow.exceptions.AirflowException: Bash command failed. The command returned a non-zero exit code 1.
[2025-05-16T13:58:40.841+0000] {taskinstance.py:1398} INFO - Marking task as UP_FOR_RETRY. dag_id=cdc_pipeline, task_id=check_postgres, execution_date=20250516T134728, start_date=20250516T135822, end_date=20250516T135840
[2025-05-16T13:58:41.145+0000] {standard_task_runner.py:104} ERROR - Failed to execute job 8 for task check_postgres (Bash command failed. The command returned a non-zero exit code 1.; 363)
