[2025-05-16T13:59:56.228+0000] {taskinstance.py:1157} INFO - Dependencies all met for dep_context=non-requeueable deps ti=<TaskInstance: cdc_pipeline.check_postgres scheduled__2025-05-16T13:47:28.355202+00:00 [queued]>
[2025-05-16T13:59:56.442+0000] {taskinstance.py:1157} INFO - Dependencies all met for dep_context=requeueable deps ti=<TaskInstance: cdc_pipeline.check_postgres scheduled__2025-05-16T13:47:28.355202+00:00 [queued]>
[2025-05-16T13:59:56.449+0000] {taskinstance.py:1359} INFO - Starting attempt 2 of 4
[2025-05-16T13:59:56.635+0000] {taskinstance.py:1380} INFO - Executing <Task(BashOperator): check_postgres> on 2025-05-16 13:47:28.355202+00:00
[2025-05-16T13:59:56.736+0000] {standard_task_runner.py:57} INFO - Started process 511 to run task
[2025-05-16T13:59:56.755+0000] {standard_task_runner.py:84} INFO - Running: ['***', 'tasks', 'run', 'cdc_pipeline', 'check_postgres', 'scheduled__2025-05-16T13:47:28.355202+00:00', '--job-id', '16', '--raw', '--subdir', 'DAGS_FOLDER/cdc_pipeline_dag.py', '--cfg-path', '/tmp/tmp8lee9tjk']
[2025-05-16T13:59:56.778+0000] {standard_task_runner.py:85} INFO - Job 16: Subtask check_postgres
[2025-05-16T13:59:57.435+0000] {task_command.py:415} INFO - Running <TaskInstance: cdc_pipeline.check_postgres scheduled__2025-05-16T13:47:28.355202+00:00 [running]> on host 2325534d36fc
[2025-05-16T13:59:58.649+0000] {taskinstance.py:1660} INFO - Exporting env vars: AIRFLOW_CTX_DAG_OWNER='***' AIRFLOW_CTX_DAG_ID='cdc_pipeline' AIRFLOW_CTX_TASK_ID='check_postgres' AIRFLOW_CTX_EXECUTION_DATE='2025-05-16T13:47:28.355202+00:00' AIRFLOW_CTX_TRY_NUMBER='2' AIRFLOW_CTX_DAG_RUN_ID='scheduled__2025-05-16T13:47:28.355202+00:00'
[2025-05-16T13:59:58.651+0000] {subprocess.py:63} INFO - Tmp dir root location: /tmp
[2025-05-16T13:59:58.654+0000] {subprocess.py:75} INFO - Running command: ['/bin/bash', '-c', 'docker exec postgres pg_isready -U postgres || exit 1']
[2025-05-16T13:59:58.916+0000] {subprocess.py:86} INFO - Output:
[2025-05-16T13:59:59.436+0000] {subprocess.py:93} INFO - Cannot connect to the Docker daemon at unix:///var/run/docker.sock. Is the docker daemon running?
[2025-05-16T13:59:59.444+0000] {subprocess.py:97} INFO - Command exited with return code 1
[2025-05-16T13:59:59.621+0000] {taskinstance.py:1935} ERROR - Task failed with exception
Traceback (most recent call last):
  File "/home/airflow/.local/lib/python3.8/site-packages/airflow/operators/bash.py", line 210, in execute
    raise AirflowException(
airflow.exceptions.AirflowException: Bash command failed. The command returned a non-zero exit code 1.
[2025-05-16T13:59:59.655+0000] {taskinstance.py:1398} INFO - Marking task as UP_FOR_RETRY. dag_id=cdc_pipeline, task_id=check_postgres, execution_date=20250516T134728, start_date=20250516T135956, end_date=20250516T135959
[2025-05-16T13:59:59.934+0000] {standard_task_runner.py:104} ERROR - Failed to execute job 16 for task check_postgres (Bash command failed. The command returned a non-zero exit code 1.; 511)
[2025-05-16T14:00:00.116+0000] {local_task_job_runner.py:228} INFO - Task exited with return code 1
[2025-05-16T14:00:00.635+0000] {taskinstance.py:2776} INFO - 0 downstream tasks scheduled from follow-on schedule check
