[2025-05-16T13:58:22.252+0000] {taskinstance.py:1157} INFO - Dependencies all met for dep_context=non-requeueable deps ti=<TaskInstance: cdc_pipeline.check_kafka manual__2025-05-16T13:57:44.973412+00:00 [queued]>
[2025-05-16T13:58:22.621+0000] {taskinstance.py:1157} INFO - Dependencies all met for dep_context=requeueable deps ti=<TaskInstance: cdc_pipeline.check_kafka manual__2025-05-16T13:57:44.973412+00:00 [queued]>
[2025-05-16T13:58:22.623+0000] {taskinstance.py:1359} INFO - Starting attempt 1 of 4
[2025-05-16T13:58:22.950+0000] {taskinstance.py:1380} INFO - Executing <Task(BashOperator): check_kafka> on 2025-05-16 13:57:44.973412+00:00
[2025-05-16T13:58:23.148+0000] {standard_task_runner.py:57} INFO - Started process 364 to run task
[2025-05-16T13:58:23.217+0000] {standard_task_runner.py:84} INFO - Running: ['***', 'tasks', 'run', 'cdc_pipeline', 'check_kafka', 'manual__2025-05-16T13:57:44.973412+00:00', '--job-id', '6', '--raw', '--subdir', 'DAGS_FOLDER/cdc_pipeline_dag.py', '--cfg-path', '/tmp/tmpevql1r8u']
[2025-05-16T13:58:23.250+0000] {standard_task_runner.py:85} INFO - Job 6: Subtask check_kafka
[2025-05-16T13:58:24.340+0000] {task_command.py:415} INFO - Running <TaskInstance: cdc_pipeline.check_kafka manual__2025-05-16T13:57:44.973412+00:00 [running]> on host 2325534d36fc
[2025-05-16T13:58:26.127+0000] {taskinstance.py:1660} INFO - Exporting env vars: AIRFLOW_CTX_DAG_OWNER='***' AIRFLOW_CTX_DAG_ID='cdc_pipeline' AIRFLOW_CTX_TASK_ID='check_kafka' AIRFLOW_CTX_EXECUTION_DATE='2025-05-16T13:57:44.973412+00:00' AIRFLOW_CTX_TRY_NUMBER='1' AIRFLOW_CTX_DAG_RUN_ID='manual__2025-05-16T13:57:44.973412+00:00'
[2025-05-16T13:58:26.241+0000] {subprocess.py:63} INFO - Tmp dir root location: /tmp
[2025-05-16T13:58:26.252+0000] {subprocess.py:75} INFO - Running command: ['/bin/bash', '-c', 'docker exec kafka kafka-topics.sh --bootstrap-server kafka:9092 --list > /dev/null || exit 1']
[2025-05-16T13:58:26.418+0000] {subprocess.py:86} INFO - Output:
[2025-05-16T13:58:40.276+0000] {subprocess.py:93} INFO - Cannot connect to the Docker daemon at unix:///var/run/docker.sock. Is the docker daemon running?
[2025-05-16T13:58:40.416+0000] {subprocess.py:97} INFO - Command exited with return code 1
[2025-05-16T13:58:40.730+0000] {taskinstance.py:1935} ERROR - Task failed with exception
Traceback (most recent call last):
  File "/home/airflow/.local/lib/python3.8/site-packages/airflow/operators/bash.py", line 210, in execute
    raise AirflowException(
airflow.exceptions.AirflowException: Bash command failed. The command returned a non-zero exit code 1.
[2025-05-16T13:58:40.777+0000] {taskinstance.py:1398} INFO - Marking task as UP_FOR_RETRY. dag_id=cdc_pipeline, task_id=check_kafka, execution_date=20250516T135744, start_date=20250516T135822, end_date=20250516T135840
[2025-05-16T13:58:41.026+0000] {standard_task_runner.py:104} ERROR - Failed to execute job 6 for task check_kafka (Bash command failed. The command returned a non-zero exit code 1.; 364)
[2025-05-16T13:58:41.156+0000] {local_task_job_runner.py:228} INFO - Task exited with return code 1
[2025-05-16T13:58:41.652+0000] {taskinstance.py:2776} INFO - 0 downstream tasks scheduled from follow-on schedule check
