[2025-05-16T14:02:30.736+0000] {taskinstance.py:1157} INFO - Dependencies all met for dep_context=non-requeueable deps ti=<TaskInstance: cdc_pipeline.check_kafka manual__2025-05-16T13:57:44.973412+00:00 [queued]>
[2025-05-16T14:02:30.846+0000] {taskinstance.py:1157} INFO - Dependencies all met for dep_context=requeueable deps ti=<TaskInstance: cdc_pipeline.check_kafka manual__2025-05-16T13:57:44.973412+00:00 [queued]>
[2025-05-16T14:02:30.852+0000] {taskinstance.py:1359} INFO - Starting attempt 4 of 4
[2025-05-16T14:02:31.139+0000] {taskinstance.py:1380} INFO - Executing <Task(BashOperator): check_kafka> on 2025-05-16 13:57:44.973412+00:00
[2025-05-16T14:02:31.229+0000] {standard_task_runner.py:57} INFO - Started process 768 to run task
[2025-05-16T14:02:31.250+0000] {standard_task_runner.py:84} INFO - Running: ['***', 'tasks', 'run', 'cdc_pipeline', 'check_kafka', 'manual__2025-05-16T13:57:44.973412+00:00', '--job-id', '27', '--raw', '--subdir', 'DAGS_FOLDER/cdc_pipeline_dag.py', '--cfg-path', '/tmp/tmpvyswq9h3']
[2025-05-16T14:02:31.328+0000] {standard_task_runner.py:85} INFO - Job 27: Subtask check_kafka
[2025-05-16T14:02:32.137+0000] {task_command.py:415} INFO - Running <TaskInstance: cdc_pipeline.check_kafka manual__2025-05-16T13:57:44.973412+00:00 [running]> on host 2325534d36fc
[2025-05-16T14:02:33.445+0000] {taskinstance.py:1660} INFO - Exporting env vars: AIRFLOW_CTX_DAG_OWNER='***' AIRFLOW_CTX_DAG_ID='cdc_pipeline' AIRFLOW_CTX_TASK_ID='check_kafka' AIRFLOW_CTX_EXECUTION_DATE='2025-05-16T13:57:44.973412+00:00' AIRFLOW_CTX_TRY_NUMBER='4' AIRFLOW_CTX_DAG_RUN_ID='manual__2025-05-16T13:57:44.973412+00:00'
[2025-05-16T14:02:33.516+0000] {subprocess.py:63} INFO - Tmp dir root location: /tmp
[2025-05-16T14:02:33.527+0000] {subprocess.py:75} INFO - Running command: ['/bin/bash', '-c', 'docker exec kafka kafka-topics.sh --bootstrap-server kafka:9092 --list > /dev/null || exit 1']
[2025-05-16T14:02:33.732+0000] {subprocess.py:86} INFO - Output:
[2025-05-16T14:02:34.137+0000] {subprocess.py:93} INFO - Cannot connect to the Docker daemon at unix:///var/run/docker.sock. Is the docker daemon running?
[2025-05-16T14:02:34.217+0000] {subprocess.py:97} INFO - Command exited with return code 1
[2025-05-16T14:02:34.332+0000] {taskinstance.py:1935} ERROR - Task failed with exception
Traceback (most recent call last):
  File "/home/airflow/.local/lib/python3.8/site-packages/airflow/operators/bash.py", line 210, in execute
    raise AirflowException(
airflow.exceptions.AirflowException: Bash command failed. The command returned a non-zero exit code 1.
[2025-05-16T14:02:34.424+0000] {taskinstance.py:1398} INFO - Marking task as FAILED. dag_id=cdc_pipeline, task_id=check_kafka, execution_date=20250516T135744, start_date=20250516T140230, end_date=20250516T140234
[2025-05-16T14:02:34.617+0000] {standard_task_runner.py:104} ERROR - Failed to execute job 27 for task check_kafka (Bash command failed. The command returned a non-zero exit code 1.; 768)
[2025-05-16T14:02:34.816+0000] {local_task_job_runner.py:228} INFO - Task exited with return code 1
[2025-05-16T14:02:35.129+0000] {taskinstance.py:2776} INFO - 0 downstream tasks scheduled from follow-on schedule check
