[2025-05-16T14:57:47.329+0000] {taskinstance.py:1157} INFO - Dependencies all met for dep_context=non-requeueable deps ti=<TaskInstance: cdc_pipeline.wait_for_hdfs_data scheduled__2025-05-16T14:47:28.355202+00:00 [queued]>
[2025-05-16T14:57:47.336+0000] {taskinstance.py:1157} INFO - Dependencies all met for dep_context=requeueable deps ti=<TaskInstance: cdc_pipeline.wait_for_hdfs_data scheduled__2025-05-16T14:47:28.355202+00:00 [queued]>
[2025-05-16T14:57:47.336+0000] {taskinstance.py:1359} INFO - Starting attempt 1 of 4
[2025-05-16T14:57:47.346+0000] {taskinstance.py:1380} INFO - Executing <Task(HdfsSensor): wait_for_hdfs_data> on 2025-05-16 14:47:28.355202+00:00
[2025-05-16T14:57:47.352+0000] {standard_task_runner.py:57} INFO - Started process 3935 to run task
[2025-05-16T14:57:47.355+0000] {standard_task_runner.py:84} INFO - Running: ['***', 'tasks', 'run', 'cdc_pipeline', 'wait_for_hdfs_data', 'scheduled__2025-05-16T14:47:28.355202+00:00', '--job-id', '129', '--raw', '--subdir', 'DAGS_FOLDER/cdc_pipeline_dag.py', '--cfg-path', '/tmp/tmpfiu6au6p']
[2025-05-16T14:57:47.356+0000] {standard_task_runner.py:85} INFO - Job 129: Subtask wait_for_hdfs_data
[2025-05-16T14:57:47.434+0000] {task_command.py:415} INFO - Running <TaskInstance: cdc_pipeline.wait_for_hdfs_data scheduled__2025-05-16T14:47:28.355202+00:00 [running]> on host 2325534d36fc
[2025-05-16T14:57:47.531+0000] {taskinstance.py:1660} INFO - Exporting env vars: AIRFLOW_CTX_DAG_OWNER='***' AIRFLOW_CTX_DAG_ID='cdc_pipeline' AIRFLOW_CTX_TASK_ID='wait_for_hdfs_data' AIRFLOW_CTX_EXECUTION_DATE='2025-05-16T14:47:28.355202+00:00' AIRFLOW_CTX_TRY_NUMBER='1' AIRFLOW_CTX_DAG_RUN_ID='scheduled__2025-05-16T14:47:28.355202+00:00'
[2025-05-16T14:57:47.534+0000] {logging_mixin.py:151} WARNING - /home/***/.local/lib/python3.8/site-packages/***/providers/apache/hdfs/hooks/hdfs.py:78 RemovedInAirflow3Warning: `BaseHook.get_connections` method will be deprecated in the future.Please use `BaseHook.get_connection` instead.
[2025-05-16T14:57:47.543+0000] {base.py:73} INFO - Using connection ID 'hdfs_default' for task execution.
[2025-05-16T14:57:47.544+0000] {hdfs.py:106} INFO - Poking for file /data/cdc/output.json
[2025-05-16T14:57:47.547+0000] {logging_mixin.py:151} WARNING - /home/***/.local/lib/python3.8/site-packages/snakebite/channel.py:414 RuntimeWarning: Unexpected end-group tag: Not all data was converted
[2025-05-16T14:57:49.560+0000] {base.py:73} INFO - Using connection ID 'hdfs_default' for task execution.
[2025-05-16T14:57:49.560+0000] {hdfs.py:106} INFO - Poking for file /data/cdc/output.json
[2025-05-16T14:57:51.622+0000] {base.py:73} INFO - Using connection ID 'hdfs_default' for task execution.
[2025-05-16T14:57:51.622+0000] {hdfs.py:106} INFO - Poking for file /data/cdc/output.json
[2025-05-16T14:57:53.639+0000] {base.py:73} INFO - Using connection ID 'hdfs_default' for task execution.
[2025-05-16T14:57:53.641+0000] {hdfs.py:106} INFO - Poking for file /data/cdc/output.json
[2025-05-16T14:57:55.655+0000] {base.py:73} INFO - Using connection ID 'hdfs_default' for task execution.
[2025-05-16T14:57:55.656+0000] {hdfs.py:106} INFO - Poking for file /data/cdc/output.json
[2025-05-16T14:57:57.672+0000] {base.py:73} INFO - Using connection ID 'hdfs_default' for task execution.
[2025-05-16T14:57:57.674+0000] {hdfs.py:106} INFO - Poking for file /data/cdc/output.json
[2025-05-16T14:57:59.684+0000] {base.py:73} INFO - Using connection ID 'hdfs_default' for task execution.
[2025-05-16T14:57:59.685+0000] {hdfs.py:106} INFO - Poking for file /data/cdc/output.json
[2025-05-16T14:58:01.696+0000] {base.py:73} INFO - Using connection ID 'hdfs_default' for task execution.
[2025-05-16T14:58:01.697+0000] {hdfs.py:106} INFO - Poking for file /data/cdc/output.json
[2025-05-16T14:58:03.726+0000] {base.py:73} INFO - Using connection ID 'hdfs_default' for task execution.
[2025-05-16T14:58:03.727+0000] {hdfs.py:106} INFO - Poking for file /data/cdc/output.json
[2025-05-16T14:58:05.783+0000] {base.py:73} INFO - Using connection ID 'hdfs_default' for task execution.
[2025-05-16T14:58:05.788+0000] {hdfs.py:106} INFO - Poking for file /data/cdc/output.json
[2025-05-16T14:58:07.828+0000] {base.py:73} INFO - Using connection ID 'hdfs_default' for task execution.
[2025-05-16T14:58:07.831+0000] {hdfs.py:106} INFO - Poking for file /data/cdc/output.json
[2025-05-16T14:58:09.845+0000] {base.py:73} INFO - Using connection ID 'hdfs_default' for task execution.
[2025-05-16T14:58:09.845+0000] {hdfs.py:106} INFO - Poking for file /data/cdc/output.json
[2025-05-16T14:58:11.857+0000] {base.py:73} INFO - Using connection ID 'hdfs_default' for task execution.
[2025-05-16T14:58:11.857+0000] {hdfs.py:106} INFO - Poking for file /data/cdc/output.json
[2025-05-16T14:58:13.871+0000] {base.py:73} INFO - Using connection ID 'hdfs_default' for task execution.
[2025-05-16T14:58:13.875+0000] {hdfs.py:106} INFO - Poking for file /data/cdc/output.json
[2025-05-16T14:58:15.889+0000] {base.py:73} INFO - Using connection ID 'hdfs_default' for task execution.
[2025-05-16T14:58:15.890+0000] {hdfs.py:106} INFO - Poking for file /data/cdc/output.json
[2025-05-16T14:58:17.924+0000] {base.py:73} INFO - Using connection ID 'hdfs_default' for task execution.
[2025-05-16T14:58:17.926+0000] {hdfs.py:106} INFO - Poking for file /data/cdc/output.json
[2025-05-16T14:58:19.967+0000] {base.py:73} INFO - Using connection ID 'hdfs_default' for task execution.
[2025-05-16T14:58:20.016+0000] {hdfs.py:106} INFO - Poking for file /data/cdc/output.json
[2025-05-16T14:58:22.028+0000] {base.py:73} INFO - Using connection ID 'hdfs_default' for task execution.
[2025-05-16T14:58:22.029+0000] {hdfs.py:106} INFO - Poking for file /data/cdc/output.json
[2025-05-16T14:58:24.039+0000] {base.py:73} INFO - Using connection ID 'hdfs_default' for task execution.
[2025-05-16T14:58:24.039+0000] {hdfs.py:106} INFO - Poking for file /data/cdc/output.json
[2025-05-16T14:58:26.054+0000] {base.py:73} INFO - Using connection ID 'hdfs_default' for task execution.
[2025-05-16T14:58:26.055+0000] {hdfs.py:106} INFO - Poking for file /data/cdc/output.json
[2025-05-16T14:58:28.067+0000] {base.py:73} INFO - Using connection ID 'hdfs_default' for task execution.
[2025-05-16T14:58:28.068+0000] {hdfs.py:106} INFO - Poking for file /data/cdc/output.json
[2025-05-16T14:58:30.091+0000] {base.py:73} INFO - Using connection ID 'hdfs_default' for task execution.
[2025-05-16T14:58:30.092+0000] {hdfs.py:106} INFO - Poking for file /data/cdc/output.json
[2025-05-16T14:58:32.125+0000] {base.py:73} INFO - Using connection ID 'hdfs_default' for task execution.
[2025-05-16T14:58:32.128+0000] {hdfs.py:106} INFO - Poking for file /data/cdc/output.json
[2025-05-16T14:58:34.141+0000] {base.py:73} INFO - Using connection ID 'hdfs_default' for task execution.
[2025-05-16T14:58:34.143+0000] {hdfs.py:106} INFO - Poking for file /data/cdc/output.json
[2025-05-16T14:58:36.157+0000] {base.py:73} INFO - Using connection ID 'hdfs_default' for task execution.
[2025-05-16T14:58:36.158+0000] {hdfs.py:106} INFO - Poking for file /data/cdc/output.json
[2025-05-16T14:58:38.169+0000] {base.py:73} INFO - Using connection ID 'hdfs_default' for task execution.
[2025-05-16T14:58:38.170+0000] {hdfs.py:106} INFO - Poking for file /data/cdc/output.json
[2025-05-16T14:58:40.181+0000] {base.py:73} INFO - Using connection ID 'hdfs_default' for task execution.
[2025-05-16T14:58:40.181+0000] {hdfs.py:106} INFO - Poking for file /data/cdc/output.json
[2025-05-16T14:58:42.195+0000] {base.py:73} INFO - Using connection ID 'hdfs_default' for task execution.
[2025-05-16T14:58:42.196+0000] {hdfs.py:106} INFO - Poking for file /data/cdc/output.json
[2025-05-16T14:58:44.213+0000] {base.py:73} INFO - Using connection ID 'hdfs_default' for task execution.
[2025-05-16T14:58:44.213+0000] {hdfs.py:106} INFO - Poking for file /data/cdc/output.json
[2025-05-16T14:58:46.227+0000] {base.py:73} INFO - Using connection ID 'hdfs_default' for task execution.
[2025-05-16T14:58:46.229+0000] {hdfs.py:106} INFO - Poking for file /data/cdc/output.json
[2025-05-16T14:58:48.246+0000] {base.py:73} INFO - Using connection ID 'hdfs_default' for task execution.
[2025-05-16T14:58:48.248+0000] {hdfs.py:106} INFO - Poking for file /data/cdc/output.json
[2025-05-16T14:58:48.254+0000] {taskinstance.py:1935} ERROR - Task failed with exception
Traceback (most recent call last):
  File "/home/airflow/.local/lib/python3.8/site-packages/airflow/sensors/base.py", line 274, in execute
    raise AirflowSensorTimeout(message)
airflow.exceptions.AirflowSensorTimeout: Sensor has timed out; run duration of 60.72130364500117 seconds exceeds the specified timeout of 60.0.
[2025-05-16T14:58:48.324+0000] {taskinstance.py:1398} INFO - Immediate failure requested. Marking task as FAILED. dag_id=cdc_pipeline, task_id=wait_for_hdfs_data, execution_date=20250516T144728, start_date=20250516T145747, end_date=20250516T145848
[2025-05-16T14:58:48.341+0000] {standard_task_runner.py:104} ERROR - Failed to execute job 129 for task wait_for_hdfs_data (Sensor has timed out; run duration of 60.72130364500117 seconds exceeds the specified timeout of 60.0.; 3935)
[2025-05-16T14:58:48.516+0000] {local_task_job_runner.py:228} INFO - Task exited with return code 1
[2025-05-16T14:58:48.561+0000] {taskinstance.py:2776} INFO - 0 downstream tasks scheduled from follow-on schedule check
