[2025-05-16T15:04:44.529+0000] {taskinstance.py:1157} INFO - Dependencies all met for dep_context=non-requeueable deps ti=<TaskInstance: cdc_pipeline.wait_for_hdfs_data manual__2025-05-16T15:04:25.687739+00:00 [queued]>
[2025-05-16T15:04:44.535+0000] {taskinstance.py:1157} INFO - Dependencies all met for dep_context=requeueable deps ti=<TaskInstance: cdc_pipeline.wait_for_hdfs_data manual__2025-05-16T15:04:25.687739+00:00 [queued]>
[2025-05-16T15:04:44.536+0000] {taskinstance.py:1359} INFO - Starting attempt 1 of 4
[2025-05-16T15:04:44.545+0000] {taskinstance.py:1380} INFO - Executing <Task(HdfsSensor): wait_for_hdfs_data> on 2025-05-16 15:04:25.687739+00:00
[2025-05-16T15:04:44.550+0000] {standard_task_runner.py:57} INFO - Started process 4259 to run task
[2025-05-16T15:04:44.554+0000] {standard_task_runner.py:84} INFO - Running: ['***', 'tasks', 'run', 'cdc_pipeline', 'wait_for_hdfs_data', 'manual__2025-05-16T15:04:25.687739+00:00', '--job-id', '135', '--raw', '--subdir', 'DAGS_FOLDER/cdc_pipeline_dag.py', '--cfg-path', '/tmp/tmpg64orcwx']
[2025-05-16T15:04:44.555+0000] {standard_task_runner.py:85} INFO - Job 135: Subtask wait_for_hdfs_data
[2025-05-16T15:04:44.633+0000] {task_command.py:415} INFO - Running <TaskInstance: cdc_pipeline.wait_for_hdfs_data manual__2025-05-16T15:04:25.687739+00:00 [running]> on host 2325534d36fc
[2025-05-16T15:04:44.753+0000] {taskinstance.py:1660} INFO - Exporting env vars: AIRFLOW_CTX_DAG_OWNER='***' AIRFLOW_CTX_DAG_ID='cdc_pipeline' AIRFLOW_CTX_TASK_ID='wait_for_hdfs_data' AIRFLOW_CTX_EXECUTION_DATE='2025-05-16T15:04:25.687739+00:00' AIRFLOW_CTX_TRY_NUMBER='1' AIRFLOW_CTX_DAG_RUN_ID='manual__2025-05-16T15:04:25.687739+00:00'
[2025-05-16T15:04:44.755+0000] {logging_mixin.py:151} WARNING - /home/***/.local/lib/python3.8/site-packages/***/providers/apache/hdfs/hooks/hdfs.py:78 RemovedInAirflow3Warning: `BaseHook.get_connections` method will be deprecated in the future.Please use `BaseHook.get_connection` instead.
[2025-05-16T15:04:44.764+0000] {base.py:73} INFO - Using connection ID 'hdfs_default' for task execution.
[2025-05-16T15:04:44.765+0000] {hdfs.py:106} INFO - Poking for file /data/cdc/output.json
[2025-05-16T15:04:44.768+0000] {logging_mixin.py:151} WARNING - /home/***/.local/lib/python3.8/site-packages/snakebite/channel.py:414 RuntimeWarning: Unexpected end-group tag: Not all data was converted
[2025-05-16T15:04:46.779+0000] {base.py:73} INFO - Using connection ID 'hdfs_default' for task execution.
[2025-05-16T15:04:46.780+0000] {hdfs.py:106} INFO - Poking for file /data/cdc/output.json
[2025-05-16T15:04:48.791+0000] {base.py:73} INFO - Using connection ID 'hdfs_default' for task execution.
[2025-05-16T15:04:48.793+0000] {hdfs.py:106} INFO - Poking for file /data/cdc/output.json
[2025-05-16T15:04:50.808+0000] {base.py:73} INFO - Using connection ID 'hdfs_default' for task execution.
[2025-05-16T15:04:50.810+0000] {hdfs.py:106} INFO - Poking for file /data/cdc/output.json
[2025-05-16T15:04:52.822+0000] {base.py:73} INFO - Using connection ID 'hdfs_default' for task execution.
[2025-05-16T15:04:52.823+0000] {hdfs.py:106} INFO - Poking for file /data/cdc/output.json
[2025-05-16T15:04:54.848+0000] {base.py:73} INFO - Using connection ID 'hdfs_default' for task execution.
[2025-05-16T15:04:54.850+0000] {hdfs.py:106} INFO - Poking for file /data/cdc/output.json
[2025-05-16T15:04:56.922+0000] {base.py:73} INFO - Using connection ID 'hdfs_default' for task execution.
[2025-05-16T15:04:56.924+0000] {hdfs.py:106} INFO - Poking for file /data/cdc/output.json
[2025-05-16T15:04:58.938+0000] {base.py:73} INFO - Using connection ID 'hdfs_default' for task execution.
[2025-05-16T15:04:58.939+0000] {hdfs.py:106} INFO - Poking for file /data/cdc/output.json
[2025-05-16T15:05:00.955+0000] {base.py:73} INFO - Using connection ID 'hdfs_default' for task execution.
[2025-05-16T15:05:00.956+0000] {hdfs.py:106} INFO - Poking for file /data/cdc/output.json
[2025-05-16T15:05:02.966+0000] {base.py:73} INFO - Using connection ID 'hdfs_default' for task execution.
[2025-05-16T15:05:02.967+0000] {hdfs.py:106} INFO - Poking for file /data/cdc/output.json
[2025-05-16T15:05:04.982+0000] {base.py:73} INFO - Using connection ID 'hdfs_default' for task execution.
[2025-05-16T15:05:04.983+0000] {hdfs.py:106} INFO - Poking for file /data/cdc/output.json
[2025-05-16T15:05:06.996+0000] {base.py:73} INFO - Using connection ID 'hdfs_default' for task execution.
[2025-05-16T15:05:06.998+0000] {hdfs.py:106} INFO - Poking for file /data/cdc/output.json
[2025-05-16T15:05:09.026+0000] {base.py:73} INFO - Using connection ID 'hdfs_default' for task execution.
[2025-05-16T15:05:09.028+0000] {hdfs.py:106} INFO - Poking for file /data/cdc/output.json
[2025-05-16T15:05:11.044+0000] {base.py:73} INFO - Using connection ID 'hdfs_default' for task execution.
[2025-05-16T15:05:11.049+0000] {hdfs.py:106} INFO - Poking for file /data/cdc/output.json
[2025-05-16T15:05:13.131+0000] {base.py:73} INFO - Using connection ID 'hdfs_default' for task execution.
[2025-05-16T15:05:13.132+0000] {hdfs.py:106} INFO - Poking for file /data/cdc/output.json
[2025-05-16T15:05:15.143+0000] {base.py:73} INFO - Using connection ID 'hdfs_default' for task execution.
[2025-05-16T15:05:15.143+0000] {hdfs.py:106} INFO - Poking for file /data/cdc/output.json
[2025-05-16T15:05:17.162+0000] {base.py:73} INFO - Using connection ID 'hdfs_default' for task execution.
[2025-05-16T15:05:17.163+0000] {hdfs.py:106} INFO - Poking for file /data/cdc/output.json
[2025-05-16T15:05:19.187+0000] {base.py:73} INFO - Using connection ID 'hdfs_default' for task execution.
[2025-05-16T15:05:19.188+0000] {hdfs.py:106} INFO - Poking for file /data/cdc/output.json
[2025-05-16T15:05:21.202+0000] {base.py:73} INFO - Using connection ID 'hdfs_default' for task execution.
[2025-05-16T15:05:21.203+0000] {hdfs.py:106} INFO - Poking for file /data/cdc/output.json
[2025-05-16T15:05:23.223+0000] {base.py:73} INFO - Using connection ID 'hdfs_default' for task execution.
[2025-05-16T15:05:23.226+0000] {hdfs.py:106} INFO - Poking for file /data/cdc/output.json
[2025-05-16T15:05:25.257+0000] {base.py:73} INFO - Using connection ID 'hdfs_default' for task execution.
[2025-05-16T15:05:25.260+0000] {hdfs.py:106} INFO - Poking for file /data/cdc/output.json
[2025-05-16T15:05:27.273+0000] {base.py:73} INFO - Using connection ID 'hdfs_default' for task execution.
[2025-05-16T15:05:27.274+0000] {hdfs.py:106} INFO - Poking for file /data/cdc/output.json
[2025-05-16T15:05:29.287+0000] {base.py:73} INFO - Using connection ID 'hdfs_default' for task execution.
[2025-05-16T15:05:29.289+0000] {hdfs.py:106} INFO - Poking for file /data/cdc/output.json
[2025-05-16T15:05:31.305+0000] {base.py:73} INFO - Using connection ID 'hdfs_default' for task execution.
[2025-05-16T15:05:31.306+0000] {hdfs.py:106} INFO - Poking for file /data/cdc/output.json
[2025-05-16T15:05:33.320+0000] {base.py:73} INFO - Using connection ID 'hdfs_default' for task execution.
[2025-05-16T15:05:33.321+0000] {hdfs.py:106} INFO - Poking for file /data/cdc/output.json
[2025-05-16T15:05:35.333+0000] {base.py:73} INFO - Using connection ID 'hdfs_default' for task execution.
[2025-05-16T15:05:35.334+0000] {hdfs.py:106} INFO - Poking for file /data/cdc/output.json
[2025-05-16T15:05:37.361+0000] {base.py:73} INFO - Using connection ID 'hdfs_default' for task execution.
[2025-05-16T15:05:37.362+0000] {hdfs.py:106} INFO - Poking for file /data/cdc/output.json
[2025-05-16T15:05:39.418+0000] {base.py:73} INFO - Using connection ID 'hdfs_default' for task execution.
[2025-05-16T15:05:39.426+0000] {hdfs.py:106} INFO - Poking for file /data/cdc/output.json
[2025-05-16T15:05:41.445+0000] {base.py:73} INFO - Using connection ID 'hdfs_default' for task execution.
[2025-05-16T15:05:41.445+0000] {hdfs.py:106} INFO - Poking for file /data/cdc/output.json
[2025-05-16T15:05:43.457+0000] {base.py:73} INFO - Using connection ID 'hdfs_default' for task execution.
[2025-05-16T15:05:43.458+0000] {hdfs.py:106} INFO - Poking for file /data/cdc/output.json
[2025-05-16T15:05:45.470+0000] {base.py:73} INFO - Using connection ID 'hdfs_default' for task execution.
[2025-05-16T15:05:45.474+0000] {hdfs.py:106} INFO - Poking for file /data/cdc/output.json
[2025-05-16T15:05:45.477+0000] {taskinstance.py:1935} ERROR - Task failed with exception
Traceback (most recent call last):
  File "/home/airflow/.local/lib/python3.8/site-packages/airflow/sensors/base.py", line 274, in execute
    raise AirflowSensorTimeout(message)
airflow.exceptions.AirflowSensorTimeout: Sensor has timed out; run duration of 60.72270717199899 seconds exceeds the specified timeout of 60.0.
[2025-05-16T15:05:45.490+0000] {taskinstance.py:1398} INFO - Immediate failure requested. Marking task as FAILED. dag_id=cdc_pipeline, task_id=wait_for_hdfs_data, execution_date=20250516T150425, start_date=20250516T150444, end_date=20250516T150545
[2025-05-16T15:05:45.503+0000] {standard_task_runner.py:104} ERROR - Failed to execute job 135 for task wait_for_hdfs_data (Sensor has timed out; run duration of 60.72270717199899 seconds exceeds the specified timeout of 60.0.; 4259)
[2025-05-16T15:05:45.526+0000] {local_task_job_runner.py:228} INFO - Task exited with return code 1
[2025-05-16T15:05:45.562+0000] {taskinstance.py:2776} INFO - 0 downstream tasks scheduled from follow-on schedule check
