[2025-05-16T14:06:38.378+0000] {taskinstance.py:1157} INFO - Dependencies all met for dep_context=non-requeueable deps ti=<TaskInstance: cdc_pipeline.check_consumer manual__2025-05-16T13:57:44.973412+00:00 [queued]>
[2025-05-16T14:06:38.418+0000] {taskinstance.py:1157} INFO - Dependencies all met for dep_context=requeueable deps ti=<TaskInstance: cdc_pipeline.check_consumer manual__2025-05-16T13:57:44.973412+00:00 [queued]>
[2025-05-16T14:06:38.418+0000] {taskinstance.py:1359} INFO - Starting attempt 4 of 4
[2025-05-16T14:06:38.429+0000] {taskinstance.py:1380} INFO - Executing <Task(BashOperator): check_consumer> on 2025-05-16 13:57:44.973412+00:00
[2025-05-16T14:06:38.434+0000] {standard_task_runner.py:57} INFO - Started process 1064 to run task
[2025-05-16T14:06:38.437+0000] {standard_task_runner.py:84} INFO - Running: ['***', 'tasks', 'run', 'cdc_pipeline', 'check_consumer', 'manual__2025-05-16T13:57:44.973412+00:00', '--job-id', '34', '--raw', '--subdir', 'DAGS_FOLDER/cdc_pipeline_dag.py', '--cfg-path', '/tmp/tmpz3on8vmv']
[2025-05-16T14:06:38.439+0000] {standard_task_runner.py:85} INFO - Job 34: Subtask check_consumer
[2025-05-16T14:06:38.540+0000] {task_command.py:415} INFO - Running <TaskInstance: cdc_pipeline.check_consumer manual__2025-05-16T13:57:44.973412+00:00 [running]> on host 2325534d36fc
[2025-05-16T14:06:38.658+0000] {taskinstance.py:1660} INFO - Exporting env vars: AIRFLOW_CTX_DAG_OWNER='***' AIRFLOW_CTX_DAG_ID='cdc_pipeline' AIRFLOW_CTX_TASK_ID='check_consumer' AIRFLOW_CTX_EXECUTION_DATE='2025-05-16T13:57:44.973412+00:00' AIRFLOW_CTX_TRY_NUMBER='4' AIRFLOW_CTX_DAG_RUN_ID='manual__2025-05-16T13:57:44.973412+00:00'
[2025-05-16T14:06:38.660+0000] {subprocess.py:63} INFO - Tmp dir root location: /tmp
[2025-05-16T14:06:38.660+0000] {subprocess.py:75} INFO - Running command: ['/bin/bash', '-c', 'docker ps | grep kafka-consumer > /dev/null || echo "Restarting consumer" && docker start kafka-consumer || docker run -d --name kafka-consumer --network=data_pipeline_network -e KAFKA_BOOTSTRAP_SERVERS=kafka:9092 -e HDFS_WEBHDFS_URL=http://namenode:9870/webhdfs/v1 kafka-hdfs-consumer']
[2025-05-16T14:06:38.669+0000] {subprocess.py:86} INFO - Output:
[2025-05-16T14:06:38.736+0000] {subprocess.py:93} INFO - Cannot connect to the Docker daemon at unix:///var/run/docker.sock. Is the docker daemon running?
[2025-05-16T14:06:38.738+0000] {subprocess.py:93} INFO - Restarting consumer
[2025-05-16T14:06:38.815+0000] {subprocess.py:93} INFO - Cannot connect to the Docker daemon at unix:///var/run/docker.sock. Is the docker daemon running?
[2025-05-16T14:06:38.816+0000] {subprocess.py:93} INFO - Error: failed to start containers: kafka-consumer
[2025-05-16T14:06:38.856+0000] {subprocess.py:93} INFO - docker: Cannot connect to the Docker daemon at unix:///var/run/docker.sock. Is the docker daemon running?.
[2025-05-16T14:06:38.856+0000] {subprocess.py:93} INFO - See 'docker run --help'.
[2025-05-16T14:06:38.859+0000] {subprocess.py:97} INFO - Command exited with return code 125
[2025-05-16T14:06:38.877+0000] {taskinstance.py:1935} ERROR - Task failed with exception
Traceback (most recent call last):
  File "/home/airflow/.local/lib/python3.8/site-packages/airflow/operators/bash.py", line 210, in execute
    raise AirflowException(
airflow.exceptions.AirflowException: Bash command failed. The command returned a non-zero exit code 125.
[2025-05-16T14:06:38.881+0000] {taskinstance.py:1398} INFO - Marking task as FAILED. dag_id=cdc_pipeline, task_id=check_consumer, execution_date=20250516T135744, start_date=20250516T140638, end_date=20250516T140638
[2025-05-16T14:06:38.926+0000] {standard_task_runner.py:104} ERROR - Failed to execute job 34 for task check_consumer (Bash command failed. The command returned a non-zero exit code 125.; 1064)
[2025-05-16T14:06:38.950+0000] {local_task_job_runner.py:228} INFO - Task exited with return code 1
[2025-05-16T14:06:38.966+0000] {taskinstance.py:2776} INFO - 0 downstream tasks scheduled from follow-on schedule check
