[2025-05-16T14:20:14.928+0000] {taskinstance.py:1157} INFO - Dependencies all met for dep_context=non-requeueable deps ti=<TaskInstance: cdc_pipeline.check_consumer manual__2025-05-16T14:19:02.207079+00:00 [queued]>
[2025-05-16T14:20:14.935+0000] {taskinstance.py:1157} INFO - Dependencies all met for dep_context=requeueable deps ti=<TaskInstance: cdc_pipeline.check_consumer manual__2025-05-16T14:19:02.207079+00:00 [queued]>
[2025-05-16T14:20:14.935+0000] {taskinstance.py:1359} INFO - Starting attempt 2 of 4
[2025-05-16T14:20:14.945+0000] {taskinstance.py:1380} INFO - Executing <Task(BashOperator): check_consumer> on 2025-05-16 14:19:02.207079+00:00
[2025-05-16T14:20:14.950+0000] {standard_task_runner.py:57} INFO - Started process 2169 to run task
[2025-05-16T14:20:14.953+0000] {standard_task_runner.py:84} INFO - Running: ['***', 'tasks', 'run', 'cdc_pipeline', 'check_consumer', 'manual__2025-05-16T14:19:02.207079+00:00', '--job-id', '78', '--raw', '--subdir', 'DAGS_FOLDER/cdc_pipeline_dag.py', '--cfg-path', '/tmp/tmplnj87t0t']
[2025-05-16T14:20:14.955+0000] {standard_task_runner.py:85} INFO - Job 78: Subtask check_consumer
[2025-05-16T14:20:15.050+0000] {task_command.py:415} INFO - Running <TaskInstance: cdc_pipeline.check_consumer manual__2025-05-16T14:19:02.207079+00:00 [running]> on host 2325534d36fc
[2025-05-16T14:20:15.172+0000] {taskinstance.py:1660} INFO - Exporting env vars: AIRFLOW_CTX_DAG_OWNER='***' AIRFLOW_CTX_DAG_ID='cdc_pipeline' AIRFLOW_CTX_TASK_ID='check_consumer' AIRFLOW_CTX_EXECUTION_DATE='2025-05-16T14:19:02.207079+00:00' AIRFLOW_CTX_TRY_NUMBER='2' AIRFLOW_CTX_DAG_RUN_ID='manual__2025-05-16T14:19:02.207079+00:00'
[2025-05-16T14:20:15.174+0000] {subprocess.py:63} INFO - Tmp dir root location: /tmp
[2025-05-16T14:20:15.174+0000] {subprocess.py:75} INFO - Running command: ['/bin/bash', '-c', 'nc -z kafka-consumer 8083 || echo "Kafka consumer not running!" && exit 1']
[2025-05-16T14:20:15.216+0000] {subprocess.py:86} INFO - Output:
[2025-05-16T14:20:15.240+0000] {subprocess.py:93} INFO - nc: getaddrinfo for host "kafka-consumer" port 8083: Name or service not known
[2025-05-16T14:20:15.240+0000] {subprocess.py:93} INFO - Kafka consumer not running!
[2025-05-16T14:20:15.240+0000] {subprocess.py:97} INFO - Command exited with return code 1
[2025-05-16T14:20:15.249+0000] {taskinstance.py:1935} ERROR - Task failed with exception
Traceback (most recent call last):
  File "/home/airflow/.local/lib/python3.8/site-packages/airflow/operators/bash.py", line 210, in execute
    raise AirflowException(
airflow.exceptions.AirflowException: Bash command failed. The command returned a non-zero exit code 1.
[2025-05-16T14:20:15.252+0000] {taskinstance.py:1398} INFO - Marking task as UP_FOR_RETRY. dag_id=cdc_pipeline, task_id=check_consumer, execution_date=20250516T141902, start_date=20250516T142014, end_date=20250516T142015
[2025-05-16T14:20:15.261+0000] {standard_task_runner.py:104} ERROR - Failed to execute job 78 for task check_consumer (Bash command failed. The command returned a non-zero exit code 1.; 2169)
[2025-05-16T14:20:15.296+0000] {local_task_job_runner.py:228} INFO - Task exited with return code 1
[2025-05-16T14:20:15.317+0000] {taskinstance.py:2776} INFO - 0 downstream tasks scheduled from follow-on schedule check
