[2025-05-16T14:21:19.051+0000] {taskinstance.py:1157} INFO - Dependencies all met for dep_context=non-requeueable deps ti=<TaskInstance: cdc_pipeline.check_consumer manual__2025-05-16T14:19:02.207079+00:00 [queued]>
[2025-05-16T14:21:19.132+0000] {taskinstance.py:1157} INFO - Dependencies all met for dep_context=requeueable deps ti=<TaskInstance: cdc_pipeline.check_consumer manual__2025-05-16T14:19:02.207079+00:00 [queued]>
[2025-05-16T14:21:19.132+0000] {taskinstance.py:1359} INFO - Starting attempt 3 of 4
[2025-05-16T14:21:19.148+0000] {taskinstance.py:1380} INFO - Executing <Task(BashOperator): check_consumer> on 2025-05-16 14:19:02.207079+00:00
[2025-05-16T14:21:19.220+0000] {standard_task_runner.py:57} INFO - Started process 2227 to run task
[2025-05-16T14:21:19.226+0000] {standard_task_runner.py:84} INFO - Running: ['***', 'tasks', 'run', 'cdc_pipeline', 'check_consumer', 'manual__2025-05-16T14:19:02.207079+00:00', '--job-id', '80', '--raw', '--subdir', 'DAGS_FOLDER/cdc_pipeline_dag.py', '--cfg-path', '/tmp/tmpvzuqafn1']
[2025-05-16T14:21:19.229+0000] {standard_task_runner.py:85} INFO - Job 80: Subtask check_consumer
[2025-05-16T14:21:19.430+0000] {task_command.py:415} INFO - Running <TaskInstance: cdc_pipeline.check_consumer manual__2025-05-16T14:19:02.207079+00:00 [running]> on host 2325534d36fc
[2025-05-16T14:21:19.889+0000] {taskinstance.py:1660} INFO - Exporting env vars: AIRFLOW_CTX_DAG_OWNER='***' AIRFLOW_CTX_DAG_ID='cdc_pipeline' AIRFLOW_CTX_TASK_ID='check_consumer' AIRFLOW_CTX_EXECUTION_DATE='2025-05-16T14:19:02.207079+00:00' AIRFLOW_CTX_TRY_NUMBER='3' AIRFLOW_CTX_DAG_RUN_ID='manual__2025-05-16T14:19:02.207079+00:00'
[2025-05-16T14:21:19.891+0000] {subprocess.py:63} INFO - Tmp dir root location: /tmp
[2025-05-16T14:21:19.918+0000] {subprocess.py:75} INFO - Running command: ['/bin/bash', '-c', 'nc -z kafka-consumer 8083 || echo "Kafka consumer not running!" && exit 1']
[2025-05-16T14:21:19.952+0000] {subprocess.py:86} INFO - Output:
[2025-05-16T14:21:20.015+0000] {subprocess.py:93} INFO - nc: getaddrinfo for host "kafka-consumer" port 8083: Name or service not known
[2025-05-16T14:21:20.017+0000] {subprocess.py:93} INFO - Kafka consumer not running!
[2025-05-16T14:21:20.018+0000] {subprocess.py:97} INFO - Command exited with return code 1
[2025-05-16T14:21:20.038+0000] {taskinstance.py:1935} ERROR - Task failed with exception
Traceback (most recent call last):
  File "/home/airflow/.local/lib/python3.8/site-packages/airflow/operators/bash.py", line 210, in execute
    raise AirflowException(
airflow.exceptions.AirflowException: Bash command failed. The command returned a non-zero exit code 1.
[2025-05-16T14:21:20.046+0000] {taskinstance.py:1398} INFO - Marking task as UP_FOR_RETRY. dag_id=cdc_pipeline, task_id=check_consumer, execution_date=20250516T141902, start_date=20250516T142119, end_date=20250516T142120
[2025-05-16T14:21:20.136+0000] {standard_task_runner.py:104} ERROR - Failed to execute job 80 for task check_consumer (Bash command failed. The command returned a non-zero exit code 1.; 2227)
[2025-05-16T14:21:20.158+0000] {local_task_job_runner.py:228} INFO - Task exited with return code 1
[2025-05-16T14:21:20.264+0000] {taskinstance.py:2776} INFO - 0 downstream tasks scheduled from follow-on schedule check
