[2025-05-16T14:37:45.829+0000] {taskinstance.py:1157} INFO - Dependencies all met for dep_context=non-requeueable deps ti=<TaskInstance: cdc_pipeline.wait_for_hdfs_data scheduled__2025-05-16T14:27:28.355202+00:00 [queued]>
[2025-05-16T14:37:45.838+0000] {taskinstance.py:1157} INFO - Dependencies all met for dep_context=requeueable deps ti=<TaskInstance: cdc_pipeline.wait_for_hdfs_data scheduled__2025-05-16T14:27:28.355202+00:00 [queued]>
[2025-05-16T14:37:45.838+0000] {taskinstance.py:1359} INFO - Starting attempt 1 of 4
[2025-05-16T14:37:45.929+0000] {taskinstance.py:1380} INFO - Executing <Task(HdfsSensor): wait_for_hdfs_data> on 2025-05-16 14:27:28.355202+00:00
[2025-05-16T14:37:45.940+0000] {standard_task_runner.py:57} INFO - Started process 3014 to run task
[2025-05-16T14:37:45.948+0000] {standard_task_runner.py:84} INFO - Running: ['***', 'tasks', 'run', 'cdc_pipeline', 'wait_for_hdfs_data', 'scheduled__2025-05-16T14:27:28.355202+00:00', '--job-id', '105', '--raw', '--subdir', 'DAGS_FOLDER/cdc_pipeline_dag.py', '--cfg-path', '/tmp/tmpml2qtxec']
[2025-05-16T14:37:45.953+0000] {standard_task_runner.py:85} INFO - Job 105: Subtask wait_for_hdfs_data
[2025-05-16T14:37:46.147+0000] {task_command.py:415} INFO - Running <TaskInstance: cdc_pipeline.wait_for_hdfs_data scheduled__2025-05-16T14:27:28.355202+00:00 [running]> on host 2325534d36fc
[2025-05-16T14:37:46.443+0000] {taskinstance.py:1660} INFO - Exporting env vars: AIRFLOW_CTX_DAG_OWNER='***' AIRFLOW_CTX_DAG_ID='cdc_pipeline' AIRFLOW_CTX_TASK_ID='wait_for_hdfs_data' AIRFLOW_CTX_EXECUTION_DATE='2025-05-16T14:27:28.355202+00:00' AIRFLOW_CTX_TRY_NUMBER='1' AIRFLOW_CTX_DAG_RUN_ID='scheduled__2025-05-16T14:27:28.355202+00:00'
[2025-05-16T14:37:46.448+0000] {logging_mixin.py:151} WARNING - /home/***/.local/lib/python3.8/site-packages/***/providers/apache/hdfs/hooks/hdfs.py:78 RemovedInAirflow3Warning: `BaseHook.get_connections` method will be deprecated in the future.Please use `BaseHook.get_connection` instead.
[2025-05-16T14:37:46.461+0000] {base.py:73} INFO - Using connection ID 'hdfs_default' for task execution.
[2025-05-16T14:37:46.463+0000] {hdfs.py:106} INFO - Poking for file /data/cdc/output.json
[2025-05-16T14:37:46.533+0000] {logging_mixin.py:151} WARNING - /home/***/.local/lib/python3.8/site-packages/snakebite/channel.py:414 RuntimeWarning: Unexpected end-group tag: Not all data was converted
[2025-05-16T14:37:48.551+0000] {base.py:73} INFO - Using connection ID 'hdfs_default' for task execution.
[2025-05-16T14:37:48.552+0000] {hdfs.py:106} INFO - Poking for file /data/cdc/output.json
[2025-05-16T14:37:50.566+0000] {base.py:73} INFO - Using connection ID 'hdfs_default' for task execution.
[2025-05-16T14:37:50.567+0000] {hdfs.py:106} INFO - Poking for file /data/cdc/output.json
[2025-05-16T14:37:52.580+0000] {base.py:73} INFO - Using connection ID 'hdfs_default' for task execution.
[2025-05-16T14:37:52.581+0000] {hdfs.py:106} INFO - Poking for file /data/cdc/output.json
[2025-05-16T14:37:54.594+0000] {base.py:73} INFO - Using connection ID 'hdfs_default' for task execution.
[2025-05-16T14:37:54.595+0000] {hdfs.py:106} INFO - Poking for file /data/cdc/output.json
[2025-05-16T14:37:56.606+0000] {base.py:73} INFO - Using connection ID 'hdfs_default' for task execution.
[2025-05-16T14:37:56.607+0000] {hdfs.py:106} INFO - Poking for file /data/cdc/output.json
[2025-05-16T14:37:58.636+0000] {base.py:73} INFO - Using connection ID 'hdfs_default' for task execution.
[2025-05-16T14:37:58.638+0000] {hdfs.py:106} INFO - Poking for file /data/cdc/output.json
[2025-05-16T14:38:00.699+0000] {base.py:73} INFO - Using connection ID 'hdfs_default' for task execution.
[2025-05-16T14:38:00.704+0000] {hdfs.py:106} INFO - Poking for file /data/cdc/output.json
[2025-05-16T14:38:02.736+0000] {base.py:73} INFO - Using connection ID 'hdfs_default' for task execution.
[2025-05-16T14:38:02.737+0000] {hdfs.py:106} INFO - Poking for file /data/cdc/output.json
[2025-05-16T14:38:04.749+0000] {base.py:73} INFO - Using connection ID 'hdfs_default' for task execution.
[2025-05-16T14:38:04.750+0000] {hdfs.py:106} INFO - Poking for file /data/cdc/output.json
[2025-05-16T14:38:06.765+0000] {base.py:73} INFO - Using connection ID 'hdfs_default' for task execution.
[2025-05-16T14:38:06.769+0000] {hdfs.py:106} INFO - Poking for file /data/cdc/output.json
[2025-05-16T14:38:08.782+0000] {base.py:73} INFO - Using connection ID 'hdfs_default' for task execution.
[2025-05-16T14:38:08.783+0000] {hdfs.py:106} INFO - Poking for file /data/cdc/output.json
[2025-05-16T14:38:10.794+0000] {base.py:73} INFO - Using connection ID 'hdfs_default' for task execution.
[2025-05-16T14:38:10.795+0000] {hdfs.py:106} INFO - Poking for file /data/cdc/output.json
[2025-05-16T14:38:12.861+0000] {base.py:73} INFO - Using connection ID 'hdfs_default' for task execution.
[2025-05-16T14:38:12.863+0000] {hdfs.py:106} INFO - Poking for file /data/cdc/output.json
[2025-05-16T14:38:14.929+0000] {base.py:73} INFO - Using connection ID 'hdfs_default' for task execution.
[2025-05-16T14:38:14.930+0000] {hdfs.py:106} INFO - Poking for file /data/cdc/output.json
[2025-05-16T14:38:16.958+0000] {base.py:73} INFO - Using connection ID 'hdfs_default' for task execution.
[2025-05-16T14:38:16.959+0000] {hdfs.py:106} INFO - Poking for file /data/cdc/output.json
[2025-05-16T14:38:19.024+0000] {base.py:73} INFO - Using connection ID 'hdfs_default' for task execution.
[2025-05-16T14:38:19.024+0000] {hdfs.py:106} INFO - Poking for file /data/cdc/output.json
[2025-05-16T14:38:21.045+0000] {base.py:73} INFO - Using connection ID 'hdfs_default' for task execution.
[2025-05-16T14:38:21.045+0000] {hdfs.py:106} INFO - Poking for file /data/cdc/output.json
[2025-05-16T14:38:23.062+0000] {base.py:73} INFO - Using connection ID 'hdfs_default' for task execution.
[2025-05-16T14:38:23.063+0000] {hdfs.py:106} INFO - Poking for file /data/cdc/output.json
[2025-05-16T14:38:25.091+0000] {base.py:73} INFO - Using connection ID 'hdfs_default' for task execution.
[2025-05-16T14:38:25.096+0000] {hdfs.py:106} INFO - Poking for file /data/cdc/output.json
[2025-05-16T14:38:27.127+0000] {base.py:73} INFO - Using connection ID 'hdfs_default' for task execution.
[2025-05-16T14:38:27.128+0000] {hdfs.py:106} INFO - Poking for file /data/cdc/output.json
[2025-05-16T14:38:29.156+0000] {base.py:73} INFO - Using connection ID 'hdfs_default' for task execution.
[2025-05-16T14:38:29.162+0000] {hdfs.py:106} INFO - Poking for file /data/cdc/output.json
[2025-05-16T14:38:31.239+0000] {base.py:73} INFO - Using connection ID 'hdfs_default' for task execution.
[2025-05-16T14:38:31.241+0000] {hdfs.py:106} INFO - Poking for file /data/cdc/output.json
[2025-05-16T14:38:33.253+0000] {base.py:73} INFO - Using connection ID 'hdfs_default' for task execution.
[2025-05-16T14:38:33.254+0000] {hdfs.py:106} INFO - Poking for file /data/cdc/output.json
[2025-05-16T14:38:35.268+0000] {base.py:73} INFO - Using connection ID 'hdfs_default' for task execution.
[2025-05-16T14:38:35.269+0000] {hdfs.py:106} INFO - Poking for file /data/cdc/output.json
[2025-05-16T14:38:37.280+0000] {base.py:73} INFO - Using connection ID 'hdfs_default' for task execution.
[2025-05-16T14:38:37.280+0000] {hdfs.py:106} INFO - Poking for file /data/cdc/output.json
[2025-05-16T14:38:39.293+0000] {base.py:73} INFO - Using connection ID 'hdfs_default' for task execution.
[2025-05-16T14:38:39.293+0000] {hdfs.py:106} INFO - Poking for file /data/cdc/output.json
[2025-05-16T14:38:41.307+0000] {base.py:73} INFO - Using connection ID 'hdfs_default' for task execution.
[2025-05-16T14:38:41.307+0000] {hdfs.py:106} INFO - Poking for file /data/cdc/output.json
[2025-05-16T14:38:43.323+0000] {base.py:73} INFO - Using connection ID 'hdfs_default' for task execution.
[2025-05-16T14:38:43.325+0000] {hdfs.py:106} INFO - Poking for file /data/cdc/output.json
[2025-05-16T14:38:45.346+0000] {base.py:73} INFO - Using connection ID 'hdfs_default' for task execution.
[2025-05-16T14:38:45.346+0000] {hdfs.py:106} INFO - Poking for file /data/cdc/output.json
[2025-05-16T14:38:47.361+0000] {base.py:73} INFO - Using connection ID 'hdfs_default' for task execution.
[2025-05-16T14:38:47.362+0000] {hdfs.py:106} INFO - Poking for file /data/cdc/output.json
[2025-05-16T14:38:47.370+0000] {taskinstance.py:1935} ERROR - Task failed with exception
Traceback (most recent call last):
  File "/home/airflow/.local/lib/python3.8/site-packages/airflow/sensors/base.py", line 274, in execute
    raise AirflowSensorTimeout(message)
airflow.exceptions.AirflowSensorTimeout: Sensor has timed out; run duration of 60.92414457799896 seconds exceeds the specified timeout of 60.0.
[2025-05-16T14:38:47.381+0000] {taskinstance.py:1398} INFO - Immediate failure requested. Marking task as FAILED. dag_id=cdc_pipeline, task_id=wait_for_hdfs_data, execution_date=20250516T142728, start_date=20250516T143745, end_date=20250516T143847
[2025-05-16T14:38:47.395+0000] {standard_task_runner.py:104} ERROR - Failed to execute job 105 for task wait_for_hdfs_data (Sensor has timed out; run duration of 60.92414457799896 seconds exceeds the specified timeout of 60.0.; 3014)
[2025-05-16T14:38:47.429+0000] {local_task_job_runner.py:228} INFO - Task exited with return code 1
[2025-05-16T14:38:47.482+0000] {taskinstance.py:2776} INFO - 0 downstream tasks scheduled from follow-on schedule check
