[2025-05-16T14:17:37.627+0000] {taskinstance.py:1157} INFO - Dependencies all met for dep_context=non-requeueable deps ti=<TaskInstance: cdc_pipeline.check_kafka scheduled__2025-05-16T14:07:28.355202+00:00 [queued]>
[2025-05-16T14:17:37.734+0000] {taskinstance.py:1157} INFO - Dependencies all met for dep_context=requeueable deps ti=<TaskInstance: cdc_pipeline.check_kafka scheduled__2025-05-16T14:07:28.355202+00:00 [queued]>
[2025-05-16T14:17:37.735+0000] {taskinstance.py:1359} INFO - Starting attempt 1 of 4
[2025-05-16T14:17:38.039+0000] {taskinstance.py:1380} INFO - Executing <Task(BashOperator): check_kafka> on 2025-05-16 14:07:28.355202+00:00
[2025-05-16T14:17:38.123+0000] {standard_task_runner.py:57} INFO - Started process 1970 to run task
[2025-05-16T14:17:38.132+0000] {standard_task_runner.py:84} INFO - Running: ['***', 'tasks', 'run', 'cdc_pipeline', 'check_kafka', 'scheduled__2025-05-16T14:07:28.355202+00:00', '--job-id', '66', '--raw', '--subdir', 'DAGS_FOLDER/cdc_pipeline_dag.py', '--cfg-path', '/tmp/tmptw4bptwg']
[2025-05-16T14:17:38.137+0000] {standard_task_runner.py:85} INFO - Job 66: Subtask check_kafka
[2025-05-16T14:17:38.526+0000] {task_command.py:415} INFO - Running <TaskInstance: cdc_pipeline.check_kafka scheduled__2025-05-16T14:07:28.355202+00:00 [running]> on host 2325534d36fc
[2025-05-16T14:17:39.126+0000] {taskinstance.py:1660} INFO - Exporting env vars: AIRFLOW_CTX_DAG_OWNER='***' AIRFLOW_CTX_DAG_ID='cdc_pipeline' AIRFLOW_CTX_TASK_ID='check_kafka' AIRFLOW_CTX_EXECUTION_DATE='2025-05-16T14:07:28.355202+00:00' AIRFLOW_CTX_TRY_NUMBER='1' AIRFLOW_CTX_DAG_RUN_ID='scheduled__2025-05-16T14:07:28.355202+00:00'
[2025-05-16T14:17:39.130+0000] {subprocess.py:63} INFO - Tmp dir root location: /tmp
[2025-05-16T14:17:39.131+0000] {subprocess.py:75} INFO - Running command: ['/bin/bash', '-c', 'docker exec kafka kafka-topics.sh --bootstrap-server kafka:9092 --list > /dev/null || exit 1']
[2025-05-16T14:17:39.241+0000] {subprocess.py:86} INFO - Output:
[2025-05-16T14:17:39.631+0000] {subprocess.py:93} INFO - Cannot connect to the Docker daemon at unix:///var/run/docker.sock. Is the docker daemon running?
[2025-05-16T14:17:39.639+0000] {subprocess.py:97} INFO - Command exited with return code 1
[2025-05-16T14:17:39.745+0000] {taskinstance.py:1935} ERROR - Task failed with exception
Traceback (most recent call last):
  File "/home/airflow/.local/lib/python3.8/site-packages/airflow/operators/bash.py", line 210, in execute
    raise AirflowException(
airflow.exceptions.AirflowException: Bash command failed. The command returned a non-zero exit code 1.
[2025-05-16T14:17:39.823+0000] {taskinstance.py:1398} INFO - Marking task as UP_FOR_RETRY. dag_id=cdc_pipeline, task_id=check_kafka, execution_date=20250516T140728, start_date=20250516T141737, end_date=20250516T141739
[2025-05-16T14:17:39.846+0000] {standard_task_runner.py:104} ERROR - Failed to execute job 66 for task check_kafka (Bash command failed. The command returned a non-zero exit code 1.; 1970)
[2025-05-16T14:17:40.016+0000] {local_task_job_runner.py:228} INFO - Task exited with return code 1
[2025-05-16T14:17:40.143+0000] {taskinstance.py:2776} INFO - 0 downstream tasks scheduled from follow-on schedule check
