[2025-05-16T14:39:29.129+0000] {taskinstance.py:1157} INFO - Dependencies all met for dep_context=non-requeueable deps ti=<TaskInstance: cdc_pipeline.wait_for_hdfs_data manual__2025-05-16T14:39:11.582937+00:00 [queued]>
[2025-05-16T14:39:29.136+0000] {taskinstance.py:1157} INFO - Dependencies all met for dep_context=requeueable deps ti=<TaskInstance: cdc_pipeline.wait_for_hdfs_data manual__2025-05-16T14:39:11.582937+00:00 [queued]>
[2025-05-16T14:39:29.136+0000] {taskinstance.py:1359} INFO - Starting attempt 1 of 4
[2025-05-16T14:39:29.145+0000] {taskinstance.py:1380} INFO - Executing <Task(HdfsSensor): wait_for_hdfs_data> on 2025-05-16 14:39:11.582937+00:00
[2025-05-16T14:39:29.150+0000] {standard_task_runner.py:57} INFO - Started process 3097 to run task
[2025-05-16T14:39:29.153+0000] {standard_task_runner.py:84} INFO - Running: ['***', 'tasks', 'run', 'cdc_pipeline', 'wait_for_hdfs_data', 'manual__2025-05-16T14:39:11.582937+00:00', '--job-id', '111', '--raw', '--subdir', 'DAGS_FOLDER/cdc_pipeline_dag.py', '--cfg-path', '/tmp/tmpkr1q9g6p']
[2025-05-16T14:39:29.155+0000] {standard_task_runner.py:85} INFO - Job 111: Subtask wait_for_hdfs_data
[2025-05-16T14:39:29.238+0000] {task_command.py:415} INFO - Running <TaskInstance: cdc_pipeline.wait_for_hdfs_data manual__2025-05-16T14:39:11.582937+00:00 [running]> on host 2325534d36fc
[2025-05-16T14:39:29.327+0000] {taskinstance.py:1660} INFO - Exporting env vars: AIRFLOW_CTX_DAG_OWNER='***' AIRFLOW_CTX_DAG_ID='cdc_pipeline' AIRFLOW_CTX_TASK_ID='wait_for_hdfs_data' AIRFLOW_CTX_EXECUTION_DATE='2025-05-16T14:39:11.582937+00:00' AIRFLOW_CTX_TRY_NUMBER='1' AIRFLOW_CTX_DAG_RUN_ID='manual__2025-05-16T14:39:11.582937+00:00'
[2025-05-16T14:39:29.331+0000] {logging_mixin.py:151} WARNING - /home/***/.local/lib/python3.8/site-packages/***/providers/apache/hdfs/hooks/hdfs.py:78 RemovedInAirflow3Warning: `BaseHook.get_connections` method will be deprecated in the future.Please use `BaseHook.get_connection` instead.
[2025-05-16T14:39:29.338+0000] {base.py:73} INFO - Using connection ID 'hdfs_default' for task execution.
[2025-05-16T14:39:29.339+0000] {hdfs.py:106} INFO - Poking for file /data/cdc/output.json
[2025-05-16T14:39:29.343+0000] {logging_mixin.py:151} WARNING - /home/***/.local/lib/python3.8/site-packages/snakebite/channel.py:414 RuntimeWarning: Unexpected end-group tag: Not all data was converted
[2025-05-16T14:39:31.353+0000] {base.py:73} INFO - Using connection ID 'hdfs_default' for task execution.
[2025-05-16T14:39:31.354+0000] {hdfs.py:106} INFO - Poking for file /data/cdc/output.json
[2025-05-16T14:39:33.375+0000] {base.py:73} INFO - Using connection ID 'hdfs_default' for task execution.
[2025-05-16T14:39:33.416+0000] {hdfs.py:106} INFO - Poking for file /data/cdc/output.json
[2025-05-16T14:39:35.432+0000] {base.py:73} INFO - Using connection ID 'hdfs_default' for task execution.
[2025-05-16T14:39:35.435+0000] {hdfs.py:106} INFO - Poking for file /data/cdc/output.json
[2025-05-16T14:39:37.469+0000] {base.py:73} INFO - Using connection ID 'hdfs_default' for task execution.
[2025-05-16T14:39:37.470+0000] {hdfs.py:106} INFO - Poking for file /data/cdc/output.json
[2025-05-16T14:39:39.525+0000] {base.py:73} INFO - Using connection ID 'hdfs_default' for task execution.
[2025-05-16T14:39:39.525+0000] {hdfs.py:106} INFO - Poking for file /data/cdc/output.json
[2025-05-16T14:39:41.539+0000] {base.py:73} INFO - Using connection ID 'hdfs_default' for task execution.
[2025-05-16T14:39:41.540+0000] {hdfs.py:106} INFO - Poking for file /data/cdc/output.json
[2025-05-16T14:39:43.553+0000] {base.py:73} INFO - Using connection ID 'hdfs_default' for task execution.
[2025-05-16T14:39:43.553+0000] {hdfs.py:106} INFO - Poking for file /data/cdc/output.json
[2025-05-16T14:39:45.571+0000] {base.py:73} INFO - Using connection ID 'hdfs_default' for task execution.
[2025-05-16T14:39:45.572+0000] {hdfs.py:106} INFO - Poking for file /data/cdc/output.json
[2025-05-16T14:39:47.588+0000] {base.py:73} INFO - Using connection ID 'hdfs_default' for task execution.
[2025-05-16T14:39:47.589+0000] {hdfs.py:106} INFO - Poking for file /data/cdc/output.json
[2025-05-16T14:39:49.627+0000] {base.py:73} INFO - Using connection ID 'hdfs_default' for task execution.
[2025-05-16T14:39:49.629+0000] {hdfs.py:106} INFO - Poking for file /data/cdc/output.json
[2025-05-16T14:39:51.643+0000] {base.py:73} INFO - Using connection ID 'hdfs_default' for task execution.
[2025-05-16T14:39:51.643+0000] {hdfs.py:106} INFO - Poking for file /data/cdc/output.json
[2025-05-16T14:39:53.663+0000] {base.py:73} INFO - Using connection ID 'hdfs_default' for task execution.
[2025-05-16T14:39:53.664+0000] {hdfs.py:106} INFO - Poking for file /data/cdc/output.json
[2025-05-16T14:39:55.680+0000] {base.py:73} INFO - Using connection ID 'hdfs_default' for task execution.
[2025-05-16T14:39:55.682+0000] {hdfs.py:106} INFO - Poking for file /data/cdc/output.json
[2025-05-16T14:39:57.692+0000] {base.py:73} INFO - Using connection ID 'hdfs_default' for task execution.
[2025-05-16T14:39:57.692+0000] {hdfs.py:106} INFO - Poking for file /data/cdc/output.json
[2025-05-16T14:39:59.704+0000] {base.py:73} INFO - Using connection ID 'hdfs_default' for task execution.
[2025-05-16T14:39:59.705+0000] {hdfs.py:106} INFO - Poking for file /data/cdc/output.json
[2025-05-16T14:40:01.728+0000] {base.py:73} INFO - Using connection ID 'hdfs_default' for task execution.
[2025-05-16T14:40:01.729+0000] {hdfs.py:106} INFO - Poking for file /data/cdc/output.json
[2025-05-16T14:40:03.747+0000] {base.py:73} INFO - Using connection ID 'hdfs_default' for task execution.
[2025-05-16T14:40:03.749+0000] {hdfs.py:106} INFO - Poking for file /data/cdc/output.json
[2025-05-16T14:40:05.761+0000] {base.py:73} INFO - Using connection ID 'hdfs_default' for task execution.
[2025-05-16T14:40:05.762+0000] {hdfs.py:106} INFO - Poking for file /data/cdc/output.json
[2025-05-16T14:40:07.784+0000] {base.py:73} INFO - Using connection ID 'hdfs_default' for task execution.
[2025-05-16T14:40:07.786+0000] {hdfs.py:106} INFO - Poking for file /data/cdc/output.json
[2025-05-16T14:40:09.803+0000] {base.py:73} INFO - Using connection ID 'hdfs_default' for task execution.
[2025-05-16T14:40:09.803+0000] {hdfs.py:106} INFO - Poking for file /data/cdc/output.json
[2025-05-16T14:40:11.815+0000] {base.py:73} INFO - Using connection ID 'hdfs_default' for task execution.
[2025-05-16T14:40:11.816+0000] {hdfs.py:106} INFO - Poking for file /data/cdc/output.json
[2025-05-16T14:40:13.825+0000] {base.py:73} INFO - Using connection ID 'hdfs_default' for task execution.
[2025-05-16T14:40:13.826+0000] {hdfs.py:106} INFO - Poking for file /data/cdc/output.json
[2025-05-16T14:40:15.838+0000] {base.py:73} INFO - Using connection ID 'hdfs_default' for task execution.
[2025-05-16T14:40:15.840+0000] {hdfs.py:106} INFO - Poking for file /data/cdc/output.json
[2025-05-16T14:40:17.856+0000] {base.py:73} INFO - Using connection ID 'hdfs_default' for task execution.
[2025-05-16T14:40:17.858+0000] {hdfs.py:106} INFO - Poking for file /data/cdc/output.json
[2025-05-16T14:40:19.927+0000] {base.py:73} INFO - Using connection ID 'hdfs_default' for task execution.
[2025-05-16T14:40:19.927+0000] {hdfs.py:106} INFO - Poking for file /data/cdc/output.json
[2025-05-16T14:40:21.943+0000] {base.py:73} INFO - Using connection ID 'hdfs_default' for task execution.
[2025-05-16T14:40:21.944+0000] {hdfs.py:106} INFO - Poking for file /data/cdc/output.json
[2025-05-16T14:40:23.958+0000] {base.py:73} INFO - Using connection ID 'hdfs_default' for task execution.
[2025-05-16T14:40:23.959+0000] {hdfs.py:106} INFO - Poking for file /data/cdc/output.json
[2025-05-16T14:40:25.971+0000] {base.py:73} INFO - Using connection ID 'hdfs_default' for task execution.
[2025-05-16T14:40:25.971+0000] {hdfs.py:106} INFO - Poking for file /data/cdc/output.json
[2025-05-16T14:40:27.982+0000] {base.py:73} INFO - Using connection ID 'hdfs_default' for task execution.
[2025-05-16T14:40:27.983+0000] {hdfs.py:106} INFO - Poking for file /data/cdc/output.json
[2025-05-16T14:40:30.078+0000] {base.py:73} INFO - Using connection ID 'hdfs_default' for task execution.
[2025-05-16T14:40:30.084+0000] {hdfs.py:106} INFO - Poking for file /data/cdc/output.json
[2025-05-16T14:40:30.126+0000] {taskinstance.py:1935} ERROR - Task failed with exception
Traceback (most recent call last):
  File "/home/airflow/.local/lib/python3.8/site-packages/airflow/sensors/base.py", line 274, in execute
    raise AirflowSensorTimeout(message)
airflow.exceptions.AirflowSensorTimeout: Sensor has timed out; run duration of 60.79620093400081 seconds exceeds the specified timeout of 60.0.
[2025-05-16T14:40:30.214+0000] {taskinstance.py:1398} INFO - Immediate failure requested. Marking task as FAILED. dag_id=cdc_pipeline, task_id=wait_for_hdfs_data, execution_date=20250516T143911, start_date=20250516T143929, end_date=20250516T144030
[2025-05-16T14:40:30.298+0000] {standard_task_runner.py:104} ERROR - Failed to execute job 111 for task wait_for_hdfs_data (Sensor has timed out; run duration of 60.79620093400081 seconds exceeds the specified timeout of 60.0.; 3097)
[2025-05-16T14:40:30.416+0000] {local_task_job_runner.py:228} INFO - Task exited with return code 1
[2025-05-16T14:40:30.619+0000] {taskinstance.py:2776} INFO - 0 downstream tasks scheduled from follow-on schedule check
